#
# A fatal error has been detected by the Java Runtime Environment:
#
#  SIGSEGV (0xb) at pc=0x00007fca7c70fa79, pid=5105, tid=140507314312960
#
# JRE version: Java(TM) SE Runtime Environment (7.0_40-b43) (build 1.7.0_40-b43)
# Java VM: Java HotSpot(TM) 64-Bit Server VM (24.0-b56 mixed mode linux-amd64 compressed oops)
# Problematic frame:
# C  [libc.so.6+0x98a79]  envz_strip+0x619
#
# Failed to write core dump. Core dumps have been disabled. To enable core dumping, try "ulimit -c unlimited" before starting Java again
#
# If you would like to submit a bug report, please visit:
#   http://bugreport.sun.com/bugreport/crash.jsp
# The crash happened outside the Java Virtual Machine in native code.
# See problematic frame for where to report the bug.
#

---------------  T H R E A D  ---------------

Current thread (0x00007fca742e3800):  JavaThread "AWT-EventQueue-0" [_thread_in_native, id=5132, stack(0x00007fca687ed000,0x00007fca688ee000)]

siginfo:si_signo=SIGSEGV: si_errno=0, si_code=1 (SEGV_MAPERR), si_addr=0x00007fca68162008

Registers:
RAX=0xffffffffd83ebf80, RBX=0x00007fca688eb220, RCX=0x0000000000027100, RDX=0x0000000000013880
RSP=0x00007fca688eb168, RBP=0x00007fca4000dce0, RSI=0x00007fca40561800, RDI=0x00007fca68162000
R8 =0x00007fca688ed700, R9 =0x00007fca4026c970, R10=0x00007fca7ca34be0, R11=0x0000000000000000
R12=0x00007fca4050b4e0, R13=0x00007fca40561800, R14=0x00007fca4000dce0, R15=0x00007fca40561800
RIP=0x00007fca7c70fa79, EFLAGS=0x0000000000010206, CSGSFS=0x0000000000000033, ERR=0x0000000000000006
  TRAPNO=0x000000000000000e

Top of Stack: (sp=0x00007fca688eb168)
0x00007fca688eb168:   00007fca2fe2d65f 0008960000000020
0x00007fca688eb178:   00007fca4060f190 0000000000000000
0x00007fca688eb188:   0000000000000003 0000000e00000000
0x00007fca688eb198:   0000000300000000 0000000100000000
0x00007fca688eb1a8:   0000000000000000 0000000000000002
0x00007fca688eb1b8:   0000000000000000 0000000000000000
0x00007fca688eb1c8:   00007fca400e92f0 00000000c10010a0
0x00007fca688eb1d8:   00007fca4050b450 0000000000013880
0x00007fca688eb1e8:   00007fca400d35c0 0000000000013801
0x00007fca688eb1f8:   00007fca2b90a5e9 df338d3500000000
0x00007fca688eb208:   00007fca00000000 00007fca480a78e0
0x00007fca688eb218:   00007fca480a7940 0000000000000000
0x00007fca688eb228:   0001388000000000 0000000100000001
0x00007fca688eb238:   ed5ac040ed5ab9e0 ed5ab8f8ed5ab958
0x00007fca688eb248:   00000000ed5ab9e0 c052c00000000000
0x00007fca688eb258:   0000000000000002 00000000ed5ab898
0x00007fca688eb268:   00007fca40040d70 00007fca4050b450
0x00007fca688eb278:   0000000000008892 0000000000013880
0x00007fca688eb288:   00000000000088e4 00007fca40561800
0x00007fca688eb298:   00007fca2b8121f9 00000000c70373f0
0x00007fca688eb2a8:   0000000000013880 00007fca688eb320
0x00007fca688eb2b8:   0000000000000000 00000000c18cee18
0x00007fca688eb2c8:   00000000c70373f0 00007fca742e3800
0x00007fca688eb2d8:   00007fca31cc855d ffffff0142960000
0x00007fca688eb2e8:   00007fca688eb360 0000000000013880
0x00007fca688eb2f8:   0000889200000000 00007fca688eb348
0x00007fca688eb308:   00007fca742e39e8 00007fca3316ca40
0x00007fca688eb318:   00007fca40561800 00007fca688eb380
0x00007fca688eb328:   00007fca7123107f 0000000000000001
0x00007fca688eb338:   00000000000088e4 00007fca3316ca40
0x00007fca688eb348:   00000000c7036218 00000000c196af58
0x00007fca688eb358:   00000000c22c2998 00000000c6fb4ee8 

Instructions: (pc=0x00007fca7c70fa79)
0x00007fca7c70fa59:   f8 48 29 d0 48 39 c8 0f 82 07 01 00 00 48 83 fa
0x00007fca7c70fa69:   10 0f 86 8b 01 00 00 f3 44 0f 6f 06 48 83 fa 20
0x00007fca7c70fa79:   f3 44 0f 7f 07 f3 44 0f 6f 44 16 f0 f3 44 0f 7f
0x00007fca7c70fa89:   44 17 f0 77 12 48 89 f8 c3 66 66 66 66 66 2e 0f 

Register to memory mapping:

RAX=0xffffffffd83ebf80 is an unknown value
RBX=0x00007fca688eb220 is pointing into the stack for thread: 0x00007fca742e3800
RCX=0x0000000000027100 is an unknown value
RDX=0x0000000000013880 is an unknown value
RSP=0x00007fca688eb168 is pointing into the stack for thread: 0x00007fca742e3800
RBP=0x00007fca4000dce0 is an unknown value
RSI=0x00007fca40561800 is an unknown value
RDI=0x00007fca68162000 is an unknown value
R8 =0x00007fca688ed700 is pointing into the stack for thread: 0x00007fca742e3800
R9 =0x00007fca4026c970 is an unknown value
R10=0x00007fca7ca34be0: <offset 0x3bdbe0> in /lib/x86_64-linux-gnu/libc.so.6 at 0x00007fca7c677000
R11=0x0000000000000000 is an unknown value
R12=0x00007fca4050b4e0 is an unknown value
R13=0x00007fca40561800 is an unknown value
R14=0x00007fca4000dce0 is an unknown value
R15=0x00007fca40561800 is an unknown value


Stack: [0x00007fca687ed000,0x00007fca688ee000],  sp=0x00007fca688eb168,  free space=1016k
Native frames: (J=compiled Java code, j=interpreted, Vv=VM code, C=native code)
C  [libc.so.6+0x98a79]  envz_strip+0x619

Java frames: (J=compiled Java code, j=interpreted, Vv=VM code)
J  jogamp.opengl.gl4.GL4bcImpl.dispatch_glBufferData(IJLjava/lang/Object;IZIJ)V
J  jogamp.opengl.GLBufferObjectTracker.createBufferStorage(Ljogamp/opengl/GLBufferStateTracker;Ljavax/media/opengl/GL;IJLjava/nio/Buffer;IILjogamp/opengl/GLBufferObjectTracker$CreateStorageDispatch;J)V
J  processing.opengl.PJOGL.bufferData(IILjava/nio/Buffer;I)V
j  processing.opengl.PGraphicsOpenGL.updatePolyBuffers(ZZZZ)V+71
J  processing.opengl.PGraphicsOpenGL.flushPolys()V
j  processing.opengl.PGraphicsOpenGL.flush()V+174
j  processing.opengl.PGraphicsOpenGL.endDraw()V+16
j  processing.core.PApplet.handleDraw()V+270
j  processing.opengl.PJOGL$PGLListener.display(Ljavax/media/opengl/GLAutoDrawable;)V+476
J  jogamp.opengl.GLDrawableHelper.displayImpl(Ljavax/media/opengl/GLAutoDrawable;)V
j  jogamp.opengl.GLDrawableHelper.display(Ljavax/media/opengl/GLAutoDrawable;)V+2
j  javax.media.opengl.awt.GLCanvas$10.run()V+118
j  jogamp.opengl.GLDrawableHelper.invokeGLImpl(Ljavax/media/opengl/GLDrawable;Ljavax/media/opengl/GLContext;Ljava/lang/Runnable;Ljava/lang/Runnable;)V+206
j  jogamp.opengl.GLDrawableHelper.invokeGL(Ljavax/media/opengl/GLDrawable;Ljavax/media/opengl/GLContext;Ljava/lang/Runnable;Ljava/lang/Runnable;)V+80
j  javax.media.opengl.awt.GLCanvas$11.run()V+73
j  java.awt.event.InvocationEvent.dispatch()V+11
j  java.awt.EventQueue.dispatchEventImpl(Ljava/awt/AWTEvent;Ljava/lang/Object;)V+21
j  java.awt.EventQueue.access$200(Ljava/awt/EventQueue;Ljava/awt/AWTEvent;Ljava/lang/Object;)V+3
j  java.awt.EventQueue$3.run()Ljava/lang/Void;+12
j  java.awt.EventQueue$3.run()Ljava/lang/Object;+1
v  ~StubRoutines::call_stub
j  java.security.AccessController.doPrivileged(Ljava/security/PrivilegedAction;Ljava/security/AccessControlContext;)Ljava/lang/Object;+0
J  java.awt.EventDispatchThread.pumpOneEventForFilters(I)V
j  java.awt.EventDispatchThread.pumpEventsForFilter(ILjava/awt/Conditional;Ljava/awt/EventFilter;)V+35
j  java.awt.EventDispatchThread.pumpEventsForHierarchy(ILjava/awt/Conditional;Ljava/awt/Component;)V+11
j  java.awt.EventDispatchThread.pumpEvents(ILjava/awt/Conditional;)V+4
j  java.awt.EventDispatchThread.pumpEvents(Ljava/awt/Conditional;)V+3
j  java.awt.EventDispatchThread.run()V+9
v  ~StubRoutines::call_stub

---------------  P R O C E S S  ---------------

Java Threads: ( => current thread )
  0x00007fca48222000 JavaThread "XToolkt-Shutdown-Thread" [_thread_blocked, id=5153, stack(0x00007fca29d82000,0x00007fca29e83000)]
  0x00007fca58001800 JavaThread "SIGINT handler" daemon [_thread_blocked, id=5152, stack(0x00007fca689ef000,0x00007fca68af0000)]
  0x00007fca401cc800 JavaThread "Animation Thread" [_thread_blocked, id=5145, stack(0x00007fca2ac73000,0x00007fca2ad74000)]
  0x00007fca74011000 JavaThread "DestroyJavaVM" [_thread_blocked, id=5107, stack(0x00007fca7d174000,0x00007fca7d275000)]
  0x00007fca742f5000 JavaThread "Animation Thread" [_thread_blocked, id=5133, stack(0x00007fca686ec000,0x00007fca687ed000)]
=>0x00007fca742e3800 JavaThread "AWT-EventQueue-0" [_thread_in_native, id=5132, stack(0x00007fca687ed000,0x00007fca688ee000)]
  0x00007fca742e1800 JavaThread "AWT-Shutdown" [_thread_blocked, id=5131, stack(0x00007fca688ee000,0x00007fca689ef000)]
  0x00007fca74296800 JavaThread "AWT-XAWT" daemon [_thread_blocked, id=5129, stack(0x00007fca68af0000,0x00007fca68bf1000)]
  0x00007fca74216000 JavaThread "Java2D Disposer" daemon [_thread_blocked, id=5128, stack(0x00007fca69001000,0x00007fca69102000)]
  0x00007fca740a7800 JavaThread "Service Thread" daemon [_thread_blocked, id=5126, stack(0x00007fca708f7000,0x00007fca709f8000)]
  0x00007fca740a5800 JavaThread "C2 CompilerThread1" daemon [_thread_blocked, id=5125, stack(0x00007fca709f8000,0x00007fca70af9000)]
  0x00007fca740a2800 JavaThread "C2 CompilerThread0" daemon [_thread_blocked, id=5124, stack(0x00007fca70af9000,0x00007fca70bfa000)]
  0x00007fca4c001000 JavaThread "JDWP Command Reader" daemon [_thread_in_native, id=5118, stack(0x00007fca70bfa000,0x00007fca70cfb000)]
  0x00007fca740a0000 JavaThread "JDWP Event Helper Thread" daemon [_thread_blocked, id=5115, stack(0x00007fca70cfb000,0x00007fca70dfc000)]
  0x00007fca7409c800 JavaThread "JDWP Transport Listener: dt_socket" daemon [_thread_blocked, id=5114, stack(0x00007fca7808f000,0x00007fca78190000)]
  0x00007fca74086000 JavaThread "Signal Dispatcher" daemon [_thread_blocked, id=5113, stack(0x00007fca78190000,0x00007fca78291000)]
  0x00007fca74070800 JavaThread "Finalizer" daemon [_thread_blocked, id=5112, stack(0x00007fca78291000,0x00007fca78392000)]
  0x00007fca7406e800 JavaThread "Reference Handler" daemon [_thread_blocked, id=5111, stack(0x00007fca78392000,0x00007fca78493000)]

Other Threads:
  0x00007fca7406c000 VMThread [stack: 0x00007fca78493000,0x00007fca78594000] [id=5110]
  0x00007fca740b2800 WatcherThread [stack: 0x00007fca707f6000,0x00007fca708f7000] [id=5127]

VM state:not at safepoint (normal execution)

VM Mutex/Monitor currently owned by a thread: None

Heap
 PSYoungGen      total 84992K, used 11685K [0x00000000ecb00000, 0x00000000fbb80000, 0x0000000100000000)
  eden space 84480K, 13% used [0x00000000ecb00000,0x00000000ed6594f0,0x00000000f1d80000)
  from space 512K, 12% used [0x00000000fbb00000,0x00000000fbb10000,0x00000000fbb80000)
  to   space 512K, 0% used [0x00000000fba80000,0x00000000fba80000,0x00000000fbb00000)
 ParOldGen       total 39424K, used 18475K [0x00000000c6200000, 0x00000000c8880000, 0x00000000ecb00000)
  object space 39424K, 46% used [0x00000000c6200000,0x00000000c740af48,0x00000000c8880000)
 PSPermGen       total 21504K, used 19278K [0x00000000c1000000, 0x00000000c2500000, 0x00000000c6200000)
  object space 21504K, 89% used [0x00000000c1000000,0x00000000c22d3938,0x00000000c2500000)

Card table byte_map: [0x00007fca79759000,0x00007fca79952000] byte_map_base: 0x00007fca79151000

Polling page: 0x00007fca7d295000

Code Cache  [0x00007fca71000000, 0x00007fca712a0000, 0x00007fca74000000)
 total_blobs=1514 nmethods=612 adapters=864 free_code_cache=46609Kb largest_free_block=47634752

Compilation events (10 events):
Event: 256,934 Thread 0x00007fca740a5800  616   !         jogamp.opengl.GLDrawableHelper::displayImpl (105 bytes)
Event: 256,946 Thread 0x00007fca740a5800 nmethod 616 0x00007fca71260450 code [0x00007fca712605e0, 0x00007fca71260d18]
Event: 258,574 Thread 0x00007fca740a2800  617             java.util.Arrays::fill (28 bytes)
Event: 258,579 Thread 0x00007fca740a2800 nmethod 617 0x00007fca7125e590 code [0x00007fca7125e6e0, 0x00007fca7125e8d8]
Event: 259,532 Thread 0x00007fca740a5800  618 % !         sun.awt.X11.XToolkit::run @ 59 (410 bytes)
Event: 259,595 Thread 0x00007fca740a5800 nmethod 618% 0x00007fca7126f490 code [0x00007fca7126fa40, 0x00007fca712712c0]
Event: 268,217 Thread 0x00007fca740a2800  619   !         java.awt.EventDispatchThread::pumpOneEventForFilters (295 bytes)
Event: 268,436 Thread 0x00007fca740a2800 nmethod 619 0x00007fca71289750 code [0x00007fca71289e20, 0x00007fca7128db68]
Event: 269,351 Thread 0x00007fca740a5800  620             java.util.Arrays::fill (28 bytes)
Event: 269,368 Thread 0x00007fca740a5800 nmethod 620 0x00007fca7126ed90 code [0x00007fca7126eee0, 0x00007fca7126f2d8]

GC Heap History (10 events):
Event: 290,041 GC heap before
{Heap before GC invocations=646 (full 0):
 PSYoungGen      total 103936K, used 103488K [0x00000000ecb00000, 0x00000000fbb80000, 0x0000000100000000)
  eden space 103424K, 100% used [0x00000000ecb00000,0x00000000f3000000,0x00000000f3000000)
  from space 512K, 12% used [0x00000000fba80000,0x00000000fba90000,0x00000000fbb00000)
  to   space 512K, 0% used [0x00000000fbb00000,0x00000000fbb00000,0x00000000fbb80000)
 ParOldGen       total 39424K, used 18475K [0x00000000c6200000, 0x00000000c8880000, 0x00000000ecb00000)
  object space 39424K, 46% used [0x00000000c6200000,0x00000000c740af48,0x00000000c8880000)
 PSPermGen       total 21504K, used 19260K [0x00000000c1000000, 0x00000000c2500000, 0x00000000c6200000)
  object space 21504K, 89% used [0x00000000c1000000,0x00000000c22cf0b0,0x00000000c2500000)
Event: 290,043 GC heap after
Heap after GC invocations=646 (full 0):
 PSYoungGen      total 99840K, used 64K [0x00000000ecb00000, 0x00000000fbb80000, 0x0000000100000000)
  eden space 99328K, 0% used [0x00000000ecb00000,0x00000000ecb00000,0x00000000f2c00000)
  from space 512K, 12% used [0x00000000fbb00000,0x00000000fbb10000,0x00000000fbb80000)
  to   space 512K, 0% used [0x00000000fba80000,0x00000000fba80000,0x00000000fbb00000)
 ParOldGen       total 39424K, used 18475K [0x00000000c6200000, 0x00000000c8880000, 0x00000000ecb00000)
  object space 39424K, 46% used [0x00000000c6200000,0x00000000c740af48,0x00000000c8880000)
 PSPermGen       total 21504K, used 19260K [0x00000000c1000000, 0x00000000c2500000, 0x00000000c6200000)
  object space 21504K, 89% used [0x00000000c1000000,0x00000000c22cf0b0,0x00000000c2500000)
}
Event: 290,432 GC heap before
{Heap before GC invocations=647 (full 0):
 PSYoungGen      total 99840K, used 99392K [0x00000000ecb00000, 0x00000000fbb80000, 0x0000000100000000)
  eden space 99328K, 100% used [0x00000000ecb00000,0x00000000f2c00000,0x00000000f2c00000)
  from space 512K, 12% used [0x00000000fbb00000,0x00000000fbb10000,0x00000000fbb80000)
  to   space 512K, 0% used [0x00000000fba80000,0x00000000fba80000,0x00000000fbb00000)
 ParOldGen       total 39424K, used 18475K [0x00000000c6200000, 0x00000000c8880000, 0x00000000ecb00000)
  object space 39424K, 46% used [0x00000000c6200000,0x00000000c740af48,0x00000000c8880000)
 PSPermGen       total 21504K, used 19260K [0x00000000c1000000, 0x00000000c2500000, 0x00000000c6200000)
  object space 21504K, 89% used [0x00000000c1000000,0x00000000c22cf0b0,0x00000000c2500000)
Event: 290,438 GC heap after
Heap after GC invocations=647 (full 0):
 PSYoungGen      total 95744K, used 64K [0x00000000ecb00000, 0x00000000fbb80000, 0x0000000100000000)
  eden space 95232K, 0% used [0x00000000ecb00000,0x00000000ecb00000,0x00000000f2800000)
  from space 512K, 12% used [0x00000000fba80000,0x00000000fba90000,0x00000000fbb00000)
  to   space 512K, 0% used [0x00000000fbb00000,0x00000000fbb00000,0x00000000fbb80000)
 ParOldGen       total 39424K, used 18475K [0x00000000c6200000, 0x00000000c8880000, 0x00000000ecb00000)
  object space 39424K, 46% used [0x00000000c6200000,0x00000000c740af48,0x00000000c8880000)
 PSPermGen       total 21504K, used 19260K [0x00000000c1000000, 0x00000000c2500000, 0x00000000c6200000)
  object space 21504K, 89% used [0x00000000c1000000,0x00000000c22cf0b0,0x00000000c2500000)
}
Event: 290,760 GC heap before
{Heap before GC invocations=648 (full 0):
 PSYoungGen      total 95744K, used 95296K [0x00000000ecb00000, 0x00000000fbb80000, 0x0000000100000000)
  eden space 95232K, 100% used [0x00000000ecb00000,0x00000000f2800000,0x00000000f2800000)
  from space 512K, 12% used [0x00000000fba80000,0x00000000fba90000,0x00000000fbb00000)
  to   space 512K, 0% used [0x00000000fbb00000,0x00000000fbb00000,0x00000000fbb80000)
 ParOldGen       total 39424K, used 18475K [0x00000000c6200000, 0x00000000c8880000, 0x00000000ecb00000)
  object space 39424K, 46% used [0x00000000c6200000,0x00000000c740af48,0x00000000c8880000)
 PSPermGen       total 21504K, used 19260K [0x00000000c1000000, 0x00000000c2500000, 0x00000000c6200000)
  object space 21504K, 89% used [0x00000000c1000000,0x00000000c22cf0b0,0x00000000c2500000)
Event: 290,764 GC heap after
Heap after GC invocations=648 (full 0):
 PSYoungGen      total 92160K, used 64K [0x00000000ecb00000, 0x00000000fbb80000, 0x0000000100000000)
  eden space 91648K, 0% used [0x00000000ecb00000,0x00000000ecb00000,0x00000000f2480000)
  from space 512K, 12% used [0x00000000fbb00000,0x00000000fbb10000,0x00000000fbb80000)
  to   space 512K, 0% used [0x00000000fba80000,0x00000000fba80000,0x00000000fbb00000)
 ParOldGen       total 39424K, used 18475K [0x00000000c6200000, 0x00000000c8880000, 0x00000000ecb00000)
  object space 39424K, 46% used [0x00000000c6200000,0x00000000c740af48,0x00000000c8880000)
 PSPermGen       total 21504K, used 19260K [0x00000000c1000000, 0x00000000c2500000, 0x00000000c6200000)
  object space 21504K, 89% used [0x00000000c1000000,0x00000000c22cf0b0,0x00000000c2500000)
}
Event: 291,101 GC heap before
{Heap before GC invocations=649 (full 0):
 PSYoungGen      total 92160K, used 91712K [0x00000000ecb00000, 0x00000000fbb80000, 0x0000000100000000)
  eden space 91648K, 100% used [0x00000000ecb00000,0x00000000f2480000,0x00000000f2480000)
  from space 512K, 12% used [0x00000000fbb00000,0x00000000fbb10000,0x00000000fbb80000)
  to   space 512K, 0% used [0x00000000fba80000,0x00000000fba80000,0x00000000fbb00000)
 ParOldGen       total 39424K, used 18475K [0x00000000c6200000, 0x00000000c8880000, 0x00000000ecb00000)
  object space 39424K, 46% used [0x00000000c6200000,0x00000000c740af48,0x00000000c8880000)
 PSPermGen       total 21504K, used 19260K [0x00000000c1000000, 0x00000000c2500000, 0x00000000c6200000)
  object space 21504K, 89% used [0x00000000c1000000,0x00000000c22cf0b0,0x00000000c2500000)
Event: 291,104 GC heap after
Heap after GC invocations=649 (full 0):
 PSYoungGen      total 88576K, used 64K [0x00000000ecb00000, 0x00000000fbb80000, 0x0000000100000000)
  eden space 88064K, 0% used [0x00000000ecb00000,0x00000000ecb00000,0x00000000f2100000)
  from space 512K, 12% used [0x00000000fba80000,0x00000000fba90000,0x00000000fbb00000)
  to   space 512K, 0% used [0x00000000fbb00000,0x00000000fbb00000,0x00000000fbb80000)
 ParOldGen       total 39424K, used 18475K [0x00000000c6200000, 0x00000000c8880000, 0x00000000ecb00000)
  object space 39424K, 46% used [0x00000000c6200000,0x00000000c740af48,0x00000000c8880000)
 PSPermGen       total 21504K, used 19260K [0x00000000c1000000, 0x00000000c2500000, 0x00000000c6200000)
  object space 21504K, 89% used [0x00000000c1000000,0x00000000c22cf0b0,0x00000000c2500000)
}
Event: 291,434 GC heap before
{Heap before GC invocations=650 (full 0):
 PSYoungGen      total 88576K, used 88128K [0x00000000ecb00000, 0x00000000fbb80000, 0x0000000100000000)
  eden space 88064K, 100% used [0x00000000ecb00000,0x00000000f2100000,0x00000000f2100000)
  from space 512K, 12% used [0x00000000fba80000,0x00000000fba90000,0x00000000fbb00000)
  to   space 512K, 0% used [0x00000000fbb00000,0x00000000fbb00000,0x00000000fbb80000)
 ParOldGen       total 39424K, used 18475K [0x00000000c6200000, 0x00000000c8880000, 0x00000000ecb00000)
  object space 39424K, 46% used [0x00000000c6200000,0x00000000c740af48,0x00000000c8880000)
 PSPermGen       total 21504K, used 19260K [0x00000000c1000000, 0x00000000c2500000, 0x00000000c6200000)
  object space 21504K, 89% used [0x00000000c1000000,0x00000000c22cf0b0,0x00000000c2500000)
Event: 291,438 GC heap after
Heap after GC invocations=650 (full 0):
 PSYoungGen      total 84992K, used 64K [0x00000000ecb00000, 0x00000000fbb80000, 0x0000000100000000)
  eden space 84480K, 0% used [0x00000000ecb00000,0x00000000ecb00000,0x00000000f1d80000)
  from space 512K, 12% used [0x00000000fbb00000,0x00000000fbb10000,0x00000000fbb80000)
  to   space 512K, 0% used [0x00000000fba80000,0x00000000fba80000,0x00000000fbb00000)
 ParOldGen       total 39424K, used 18475K [0x00000000c6200000, 0x00000000c8880000, 0x00000000ecb00000)
  object space 39424K, 46% used [0x00000000c6200000,0x00000000c740af48,0x00000000c8880000)
 PSPermGen       total 21504K, used 19260K [0x00000000c1000000, 0x00000000c2500000, 0x00000000c6200000)
  object space 21504K, 89% used [0x00000000c1000000,0x00000000c22cf0b0,0x00000000c2500000)
}

Deoptimization events (10 events):
Event: 4,155 Thread 0x00007fca742e3800 Uncommon trap: reason=unreached action=reinterpret pc=0x00007fca7110dbfc method=processing.opengl.PGL.javaToNativeARGB([III)V @ 293
Event: 37,398 Thread 0x00007fca742e3800 Uncommon trap: reason=unreached action=reinterpret pc=0x00007fca7120ba68 method=java.security.AccessControlContext.optimize()Ljava/security/AccessControlContext; @ 75
Event: 215,059 Thread 0x00007fca742e3800 Uncommon trap: reason=predicate action=maybe_recompile pc=0x00007fca7125ede4 method=java.util.Arrays.fill([Ljava/lang/Object;IILjava/lang/Object;)V @ 16
Event: 258,597 Thread 0x00007fca742e3800 Uncommon trap: reason=array_check action=maybe_recompile pc=0x00007fca7125e830 method=java.util.Arrays.fill([Ljava/lang/Object;IILjava/lang/Object;)V @ 20
Event: 258,628 Thread 0x00007fca742e3800 Uncommon trap: reason=array_check action=maybe_recompile pc=0x00007fca7125e830 method=java.util.Arrays.fill([Ljava/lang/Object;IILjava/lang/Object;)V @ 20
Event: 258,657 Thread 0x00007fca742e3800 Uncommon trap: reason=array_check action=maybe_recompile pc=0x00007fca7125e830 method=java.util.Arrays.fill([Ljava/lang/Object;IILjava/lang/Object;)V @ 20
Event: 258,692 Thread 0x00007fca742e3800 Uncommon trap: reason=array_check action=maybe_recompile pc=0x00007fca7125e830 method=java.util.Arrays.fill([Ljava/lang/Object;IILjava/lang/Object;)V @ 20
Event: 291,445 Thread 0x00007fca3c350800 Uncommon trap: reason=class_check action=maybe_recompile pc=0x00007fca7124f958 method=jogamp.opengl.GLDrawableImpl.getHandle()J @ 4
Event: 291,445 Thread 0x00007fca3c350800 Uncommon trap: reason=class_check action=maybe_recompile pc=0x00007fca7124f958 method=jogamp.opengl.GLDrawableImpl.getHandle()J @ 4
Event: 291,445 Thread 0x00007fca3c350800 Uncommon trap: reason=class_check action=maybe_recompile pc=0x00007fca7124f958 method=jogamp.opengl.GLDrawableImpl.getHandle()J @ 4

Internal exceptions (10 events):
Event: 5,827 Thread 0x00007fca742e3800 Threw 0x00000000ed86c748 at /HUDSON/workspace/jdk7u40-2-build-linux-amd64-product/jdk7u40/hotspot/src/share/vm/prims/jvm.cpp:1244
Event: 5,828 Thread 0x00007fca742e3800 Threw 0x00000000ed870cf0 at /HUDSON/workspace/jdk7u40-2-build-linux-amd64-product/jdk7u40/hotspot/src/share/vm/prims/jvm.cpp:1244
Event: 5,829 Thread 0x00007fca742e3800 Threw 0x00000000ed8752f0 at /HUDSON/workspace/jdk7u40-2-build-linux-amd64-product/jdk7u40/hotspot/src/share/vm/prims/jvm.cpp:1244
Event: 5,829 Thread 0x00007fca742e3800 Threw 0x00000000ed879008 at /HUDSON/workspace/jdk7u40-2-build-linux-amd64-product/jdk7u40/hotspot/src/share/vm/prims/jvm.cpp:1244
Event: 5,830 Thread 0x00007fca742e3800 Threw 0x00000000ed87d9d0 at /HUDSON/workspace/jdk7u40-2-build-linux-amd64-product/jdk7u40/hotspot/src/share/vm/prims/jvm.cpp:1244
Event: 5,831 Thread 0x00007fca742e3800 Threw 0x00000000ed8812b0 at /HUDSON/workspace/jdk7u40-2-build-linux-amd64-product/jdk7u40/hotspot/src/share/vm/prims/jvm.cpp:1244
Event: 5,832 Thread 0x00007fca742e3800 Threw 0x00000000ed8855a0 at /HUDSON/workspace/jdk7u40-2-build-linux-amd64-product/jdk7u40/hotspot/src/share/vm/prims/jvm.cpp:1244
Event: 5,834 Thread 0x00007fca742e3800 Threw 0x00000000ed88b750 at /HUDSON/workspace/jdk7u40-2-build-linux-amd64-product/jdk7u40/hotspot/src/share/vm/prims/jvm.cpp:1244
Event: 5,942 Thread 0x00007fca742e3800 Threw 0x00000000eda63e10 at /HUDSON/workspace/jdk7u40-2-build-linux-amd64-product/jdk7u40/hotspot/src/share/vm/prims/jvm.cpp:1244
Event: 6,246 Thread 0x00007fca742e3800 Threw 0x00000000ed2f2b40 at /HUDSON/workspace/jdk7u40-2-build-linux-amd64-product/jdk7u40/hotspot/src/share/vm/prims/jvm.cpp:1244

Events (10 events):
Event: 291,445 Thread 0x00007fca3c350800 DEOPT PACKING pc=0x00007fca7124f958 sp=0x00007fca682c33e0
Event: 291,445 Thread 0x00007fca3c350800 DEOPT UNPACKING pc=0x00007fca71039045 sp=0x00007fca682c3350 mode 2
Event: 291,446 Thread 0x00007fca481a6000 Thread added: 0x00007fca481a6000
Event: 291,448 Thread 0x00007fca481a8800 Thread added: 0x00007fca481a8800
Event: 291,448 Thread 0x00007fca481a6000 Thread exited: 0x00007fca481a6000
Event: 291,448 loading class 0x00007fca74133710
Event: 291,448 loading class 0x00007fca74133710 done
Event: 291,449 Thread 0x00007fca481a8800 Thread exited: 0x00007fca481a8800
Event: 291,452 Thread 0x00007fca481a4800 Thread exited: 0x00007fca481a4800
Event: 291,452 Thread 0x00007fca3c350800 Thread exited: 0x00007fca3c350800


Dynamic libraries:
00400000-00401000 r-xp 00000000 08:06 1454292                            /home/javingka/Documents/Development/processing-2.2.1/java/bin/java
00600000-00601000 rw-p 00000000 08:06 1454292                            /home/javingka/Documents/Development/processing-2.2.1/java/bin/java
0245c000-0247d000 rw-p 00000000 00:00 0                                  [heap]
c1000000-c2500000 rw-p 00000000 00:00 0 
c2500000-c6200000 rw-p 00000000 00:00 0 
c6200000-c8880000 rw-p 00000000 00:00 0 
c8880000-ecb00000 rw-p 00000000 00:00 0 
ecb00000-fbb80000 rw-p 00000000 00:00 0 
fbb80000-fff80000 ---p 00000000 00:00 0 
fff80000-100000000 rw-p 00000000 00:00 0 
7fca29a7f000-7fca29a82000 ---p 00000000 00:00 0 
7fca29a82000-7fca29b80000 rw-p 00000000 00:00 0 
7fca29b80000-7fca29b83000 ---p 00000000 00:00 0 
7fca29b83000-7fca29c81000 rw-p 00000000 00:00 0 
7fca29c81000-7fca29c84000 ---p 00000000 00:00 0 
7fca29c84000-7fca29d82000 rw-p 00000000 00:00 0 
7fca29d82000-7fca29d85000 ---p 00000000 00:00 0 
7fca29d85000-7fca29e83000 rw-p 00000000 00:00 0                          [stack:5153]
7fca29e83000-7fca29f83000 rw-s 10f2b6000 00:05 7973                      /dev/dri/card0
7fca29f83000-7fca29f86000 r--s 00000000 08:06 926331                     /var/cache/fontconfig/ab7979a39aeed32caa3a58046d6aecda-le64.cache-4
7fca29f86000-7fca29f8b000 r--s 00000000 08:06 926301                     /var/cache/fontconfig/3fbdc300ce1065febd90cf5ba42a5d3c-le64.cache-4
7fca29f8b000-7fca29f8c000 r--s 00000000 08:06 917599                     /var/cache/fontconfig/c05880de57d1f5e948fdfacc138775d9-le64.cache-4
7fca29f8c000-7fca29f97000 r--s 00000000 08:06 917593                     /var/cache/fontconfig/945677eb7aeaf62f1d50efc3fb3ec7d8-le64.cache-4
7fca29f97000-7fca29f9d000 r--s 00000000 08:06 917579                     /var/cache/fontconfig/2cd17615ca594fa2959ae173292e504c-le64.cache-4
7fca29f9d000-7fca29fa4000 r--s 00000000 08:06 917596                     /var/cache/fontconfig/a755afe4a08bf5b97852ceb7400b47bc-le64.cache-4
7fca29fa4000-7fca29fb8000 r--s 00000000 08:06 917574                     /var/cache/fontconfig/04aabc0a78ac019cf9454389977116d2-le64.cache-4
7fca29fb8000-7fca29fbc000 r--s 00000000 08:06 917582                     /var/cache/fontconfig/385c0604a188198f04d133e54aba7fe7-le64.cache-4
7fca29fbc000-7fca29fc1000 r--s 00000000 08:06 917592                     /var/cache/fontconfig/8801497958630a81b71ace7c5f9b32a8-le64.cache-4
7fca29fc1000-7fca29fc8000 r--s 00000000 08:06 917580                     /var/cache/fontconfig/3047814df9a2f067bd2d96a2b9c36e5a-le64.cache-4
7fca29fc8000-7fca29fce000 r--s 00000000 08:06 917597                     /var/cache/fontconfig/b47c4e1ecd0709278f4910c18777a504-le64.cache-4
7fca29fce000-7fca29fe1000 r--s 00000000 08:06 917603                     /var/cache/fontconfig/d52a8644073d54c13679302ca1180695-le64.cache-4
7fca29fe1000-7fca29fea000 r--s 00000000 08:06 917583                     /var/cache/fontconfig/3f7329c5293ffd510edef78f73874cfd-le64.cache-4
7fca2a038000-7fca2a083000 rw-s 00000000 00:04 6651925                    /SYSV00000000 (deleted)
7fca2a083000-7fca2a1cb000 rw-p 00000000 00:00 0 
7fca2a20b000-7fca2a20c000 rw-s 12680a000 00:05 7973                      /dev/dri/card0
7fca2a20c000-7fca2a20d000 rw-s 12655e000 00:05 7973                      /dev/dri/card0
7fca2a20d000-7fca2a355000 rw-p 00000000 00:00 0 
7fca2a355000-7fca2a3bd000 r-xp 00000000 08:06 1586518                    /home/javingka/Documents/Development/processing-2.2.1/java/lib/amd64/libt2k.so
7fca2a3bd000-7fca2a5bd000 ---p 00068000 08:06 1586518                    /home/javingka/Documents/Development/processing-2.2.1/java/lib/amd64/libt2k.so
7fca2a5bd000-7fca2a5c4000 rw-p 00068000 08:06 1586518                    /home/javingka/Documents/Development/processing-2.2.1/java/lib/amd64/libt2k.so
7fca2a5c4000-7fca2a5d4000 rw-p 00000000 00:00 0 
7fca2a5d4000-7fca2a5eb000 r--s 00000000 08:06 7605781                    /usr/share/fonts/type1/gsfonts/z003034l.pfb
7fca2a5eb000-7fca2a5fc000 r--s 00000000 08:06 7605736                    /usr/share/fonts/type1/gsfonts/n019063l.pfb
7fca2a5fc000-7fca2a617000 r--s 00000000 08:06 7605706                    /usr/share/fonts/type1/gsfonts/c059016l.pfb
7fca2a646000-7fca2a64f000 r--s 00000000 08:06 7605778                    /usr/share/fonts/type1/gsfonts/s050000l.pfb
7fca2a64f000-7fca2a662000 r--s 00000000 08:06 7605694                    /usr/share/fonts/type1/gsfonts/b018015l.pfb
7fca2a682000-7fca2a69b000 r--s 00000000 08:06 7605691                    /usr/share/fonts/type1/gsfonts/b018012l.pfb
7fca2a69b000-7fca2a6ac000 r--s 00000000 08:06 7605688                    /usr/share/fonts/type1/gsfonts/a010035l.pfb
7fca2a6ac000-7fca2a6c7000 r--s 00000000 08:06 7605772                    /usr/share/fonts/type1/gsfonts/p052023l.pfb
7fca2a6c7000-7fca2a6e3000 r--s 00000000 08:06 7605775                    /usr/share/fonts/type1/gsfonts/p052024l.pfb
7fca2a724000-7fca2a73f000 r--s 00000000 08:06 7605769                    /usr/share/fonts/type1/gsfonts/p052004l.pfb
7fca2a73f000-7fca2a749000 r--s 00000000 08:06 7604981                    /usr/share/fonts/X11/Type1/c0583bt_.pfb
7fca2a749000-7fca2a752000 r--s 00000000 08:06 7604991                    /usr/share/fonts/X11/Type1/c0649bt_.pfb
7fca2a752000-7fca2a75c000 r--s 00000000 08:06 7604977                    /usr/share/fonts/X11/Type1/c0419bt_.pfb
7fca2a75c000-7fca2a766000 r--s 00000000 08:06 7604979                    /usr/share/fonts/X11/Type1/c0582bt_.pfb
7fca2a766000-7fca2a770000 r--s 00000000 08:06 7604983                    /usr/share/fonts/X11/Type1/c0611bt_.pfb
7fca2a770000-7fca2a779000 r--s 00000000 08:06 7604989                    /usr/share/fonts/X11/Type1/c0648bt_.pfb
7fca2a779000-7fca2a78b000 r--s 00000000 08:06 7605700                    /usr/share/fonts/type1/gsfonts/b018035l.pfb
7fca2a78b000-7fca2a79b000 r--s 00000000 08:06 7605685                    /usr/share/fonts/type1/gsfonts/a010033l.pfb
7fca2a79b000-7fca2a7ab000 r--s 00000000 08:06 7605679                    /usr/share/fonts/type1/gsfonts/a010013l.pfb
7fca2a7ab000-7fca2a7c0000 r--s 00000000 08:06 7605697                    /usr/share/fonts/type1/gsfonts/b018032l.pfb
7fca2a7d4000-7fca2a7ec000 r--s 00000000 08:06 7605712                    /usr/share/fonts/type1/gsfonts/c059036l.pfb
7fca2a7ec000-7fca2a804000 r--s 00000000 08:06 7605709                    /usr/share/fonts/type1/gsfonts/c059033l.pfb
7fca2a804000-7fca2a81f000 r--s 00000000 08:06 7605766                    /usr/share/fonts/type1/gsfonts/p052003l.pfb
7fca2a81f000-7fca2a831000 r--s 00000000 08:06 7605733                    /usr/share/fonts/type1/gsfonts/n019044l.pfb
7fca2a842000-7fca2a84b000 r--s 00000000 08:06 7604985                    /usr/share/fonts/X11/Type1/c0632bt_.pfb
7fca2a84b000-7fca2a85b000 r--s 00000000 08:06 7605682                    /usr/share/fonts/type1/gsfonts/a010015l.pfb
7fca2a885000-7fca2a891000 r--s 00000000 08:06 7605715                    /usr/share/fonts/type1/gsfonts/d050000l.pfb
7fca2a891000-7fca2a89a000 r--s 00000000 08:06 7604987                    /usr/share/fonts/X11/Type1/c0633bt_.pfb
7fca2a89a000-7fca2a8ad000 r--s 00000000 08:06 7605739                    /usr/share/fonts/type1/gsfonts/n019064l.pfb
7fca2a8c6000-7fca2a8d8000 r--s 00000000 08:06 7605730                    /usr/share/fonts/type1/gsfonts/n019043l.pfb
7fca2a8ee000-7fca2a908000 r--s 00000000 08:06 7605703                    /usr/share/fonts/type1/gsfonts/c059013l.pfb
7fca2a908000-7fca2a909000 r--s 00000000 08:06 917609                     /var/cache/fontconfig/e7071f4a29fa870f4323321c154eba04-le64.cache-4
7fca2a909000-7fca2a90a000 r--s 00000000 08:06 917576                     /var/cache/fontconfig/0d8c3b2ac0904cb8a57a757ad11a4a08-le64.cache-4
7fca2a90a000-7fca2a90b000 r--s 00000000 08:06 917578                     /var/cache/fontconfig/1ac9eb803944fde146138c791f5cc56a-le64.cache-4
7fca2a90b000-7fca2a90c000 r--s 00000000 08:06 917606                     /var/cache/fontconfig/dc05db6664285cc2f12bf69c139ae4c3-le64.cache-4
7fca2a90c000-7fca2a910000 r--s 00000000 08:06 917604                     /var/cache/fontconfig/d589a48862398ed80a3d6066f4f56f4c-le64.cache-4
7fca2a910000-7fca2a91d000 r--s 00000000 08:06 920253                     /var/cache/fontconfig/e13b20fdb08344e0e664864cc2ede53d-le64.cache-4
7fca2a91d000-7fca2a925000 r--s 00000000 08:06 926299                     /var/cache/fontconfig/7ef2298fde41cc6eeb7af42e48b7d293-le64.cache-4
7fca2a925000-7fca2a936000 r--s 00000000 08:06 7605724                    /usr/share/fonts/type1/gsfonts/n019023l.pfb
7fca2a936000-7fca2a94f000 r--s 00000000 08:06 7605757                    /usr/share/fonts/type1/gsfonts/n022004l.pfb
7fca2a94f000-7fca2a960000 r--s 00000000 08:06 7605727                    /usr/share/fonts/type1/gsfonts/n019024l.pfb
7fca2a960000-7fca2a972000 r--s 00000000 08:06 7605721                    /usr/share/fonts/type1/gsfonts/n019004l.pfb
7fca2a972000-7fca2a988000 r--s 00000000 08:06 7605763                    /usr/share/fonts/type1/gsfonts/n022024l.pfb
7fca2a988000-7fca2a99e000 r--s 00000000 08:06 7605760                    /usr/share/fonts/type1/gsfonts/n022023l.pfb
7fca2a99e000-7fca2a9b7000 r--s 00000000 08:06 7605745                    /usr/share/fonts/type1/gsfonts/n021004l.pfb
7fca2a9b7000-7fca2a9cf000 r--s 00000000 08:06 7605754                    /usr/share/fonts/type1/gsfonts/n022003l.pfb
7fca2a9cf000-7fca2a9e8000 r--s 00000000 08:06 7605742                    /usr/share/fonts/type1/gsfonts/n021003l.pfb
7fca2a9e8000-7fca2a9ff000 r--s 00000000 08:06 7605748                    /usr/share/fonts/type1/gsfonts/n021023l.pfb
7fca2a9ff000-7fca2aa5f000 r-xp 00000000 08:06 1586495                    /home/javingka/Documents/Development/processing-2.2.1/java/lib/amd64/libfontmanager.so
7fca2aa5f000-7fca2ac5e000 ---p 00060000 08:06 1586495                    /home/javingka/Documents/Development/processing-2.2.1/java/lib/amd64/libfontmanager.so
7fca2ac5e000-7fca2ac62000 rw-p 0005f000 08:06 1586495                    /home/javingka/Documents/Development/processing-2.2.1/java/lib/amd64/libfontmanager.so
7fca2ac62000-7fca2ac73000 rw-p 00000000 00:00 0 
7fca2ac73000-7fca2ac76000 ---p 00000000 00:00 0 
7fca2ac76000-7fca2ad74000 rw-p 00000000 00:00 0                          [stack:5145]
7fca2ad74000-7fca2ad75000 ---p 00000000 00:00 0 
7fca2ad75000-7fca2b575000 rw-p 00000000 00:00 0                          [stack:5144]
7fca2b575000-7fca2b59c000 r-xp 00000000 08:06 8523700                    /lib/x86_64-linux-gnu/libexpat.so.1.6.0
7fca2b59c000-7fca2b79c000 ---p 00027000 08:06 8523700                    /lib/x86_64-linux-gnu/libexpat.so.1.6.0
7fca2b79c000-7fca2b79e000 r--p 00027000 08:06 8523700                    /lib/x86_64-linux-gnu/libexpat.so.1.6.0
7fca2b79e000-7fca2b79f000 rw-p 00029000 08:06 8523700                    /lib/x86_64-linux-gnu/libexpat.so.1.6.0
7fca2b79f000-7fca2bb38000 r-xp 00000000 08:06 6949156                    /usr/lib/x86_64-linux-gnu/dri/r600_dri.so
7fca2bb38000-7fca2bd37000 ---p 00399000 08:06 6949156                    /usr/lib/x86_64-linux-gnu/dri/r600_dri.so
7fca2bd37000-7fca2bd75000 r--p 00398000 08:06 6949156                    /usr/lib/x86_64-linux-gnu/dri/r600_dri.so
7fca2bd75000-7fca2bd80000 rw-p 003d6000 08:06 6949156                    /usr/lib/x86_64-linux-gnu/dri/r600_dri.so
7fca2bd80000-7fca2bd9c000 rw-p 00000000 00:00 0 
7fca2bd9c000-7fca2bde0000 r-xp 00000000 08:06 8523692                    /lib/x86_64-linux-gnu/libdbus-1.so.3.7.6
7fca2bde0000-7fca2bfdf000 ---p 00044000 08:06 8523692                    /lib/x86_64-linux-gnu/libdbus-1.so.3.7.6
7fca2bfdf000-7fca2bfe0000 r--p 00043000 08:06 8523692                    /lib/x86_64-linux-gnu/libdbus-1.so.3.7.6
7fca2bfe0000-7fca2bfe1000 rw-p 00044000 08:06 8523692                    /lib/x86_64-linux-gnu/libdbus-1.so.3.7.6
7fca2bfe1000-7fca2bfe9000 r-xp 00000000 08:06 8523740                    /lib/x86_64-linux-gnu/libnih-dbus.so.1.0.0
7fca2bfe9000-7fca2c1e9000 ---p 00008000 08:06 8523740                    /lib/x86_64-linux-gnu/libnih-dbus.so.1.0.0
7fca2c1e9000-7fca2c1ea000 r--p 00008000 08:06 8523740                    /lib/x86_64-linux-gnu/libnih-dbus.so.1.0.0
7fca2c1ea000-7fca2c1eb000 rw-p 00009000 08:06 8523740                    /lib/x86_64-linux-gnu/libnih-dbus.so.1.0.0
7fca2c1eb000-7fca2c202000 r-xp 00000000 08:06 8523742                    /lib/x86_64-linux-gnu/libnih.so.1.0.0
7fca2c202000-7fca2c401000 ---p 00017000 08:06 8523742                    /lib/x86_64-linux-gnu/libnih.so.1.0.0
7fca2c401000-7fca2c402000 r--p 00016000 08:06 8523742                    /lib/x86_64-linux-gnu/libnih.so.1.0.0
7fca2c402000-7fca2c403000 rw-p 00017000 08:06 8523742                    /lib/x86_64-linux-gnu/libnih.so.1.0.0
7fca2c403000-7fca2c41c000 r-xp 00000000 08:06 8523683                    /lib/x86_64-linux-gnu/libcgmanager.so.0.0.0
7fca2c41c000-7fca2c61b000 ---p 00019000 08:06 8523683                    /lib/x86_64-linux-gnu/libcgmanager.so.0.0.0
7fca2c61b000-7fca2c61d000 r--p 00018000 08:06 8523683                    /lib/x86_64-linux-gnu/libcgmanager.so.0.0.0
7fca2c61d000-7fca2c61e000 rw-p 0001a000 08:06 8523683                    /lib/x86_64-linux-gnu/libcgmanager.so.0.0.0
7fca2c61e000-7fca2c62e000 r-xp 00000000 08:06 8523615                    /lib/x86_64-linux-gnu/libudev.so.1.3.5
7fca2c62e000-7fca2c82d000 ---p 00010000 08:06 8523615                    /lib/x86_64-linux-gnu/libudev.so.1.3.5
7fca2c82d000-7fca2c82e000 r--p 0000f000 08:06 8523615                    /lib/x86_64-linux-gnu/libudev.so.1.3.5
7fca2c82e000-7fca2c82f000 rw-p 00010000 08:06 8523615                    /lib/x86_64-linux-gnu/libudev.so.1.3.5
7fca2c82f000-7fca2c831000 r-xp 00000000 08:06 6692854                    /usr/lib/x86_64-linux-gnu/libXinerama.so.1.0.0
7fca2c831000-7fca2ca30000 ---p 00002000 08:06 6692854                    /usr/lib/x86_64-linux-gnu/libXinerama.so.1.0.0
7fca2ca30000-7fca2ca31000 r--p 00001000 08:06 6692854                    /usr/lib/x86_64-linux-gnu/libXinerama.so.1.0.0
7fca2ca31000-7fca2ca32000 rw-p 00002000 08:06 6692854                    /usr/lib/x86_64-linux-gnu/libXinerama.so.1.0.0
7fca2ca32000-7fca2ca69000 r-xp 00000000 08:06 6693779                    /usr/lib/x86_64-linux-gnu/libtxc_dxtn_s2tc.so.0.0.0
7fca2ca69000-7fca2cc68000 ---p 00037000 08:06 6693779                    /usr/lib/x86_64-linux-gnu/libtxc_dxtn_s2tc.so.0.0.0
7fca2cc68000-7fca2cc69000 r--p 00036000 08:06 6693779                    /usr/lib/x86_64-linux-gnu/libtxc_dxtn_s2tc.so.0.0.0
7fca2cc69000-7fca2cc6a000 rw-p 00037000 08:06 6693779                    /usr/lib/x86_64-linux-gnu/libtxc_dxtn_s2tc.so.0.0.0
7fca2cc6a000-7fca2cc6b000 ---p 00000000 00:00 0 
7fca2cc6b000-7fca2d46b000 rw-p 00000000 00:00 0 
7fca2d46b000-7fca2d490000 r-xp 00000000 08:06 8523824                    /lib/x86_64-linux-gnu/libtinfo.so.5.9
7fca2d490000-7fca2d68f000 ---p 00025000 08:06 8523824                    /lib/x86_64-linux-gnu/libtinfo.so.5.9
7fca2d68f000-7fca2d693000 r--p 00024000 08:06 8523824                    /lib/x86_64-linux-gnu/libtinfo.so.5.9
7fca2d693000-7fca2d694000 rw-p 00028000 08:06 8523824                    /lib/x86_64-linux-gnu/libtinfo.so.5.9
7fca2d694000-7fca2d6aa000 r-xp 00000000 08:06 8523656                    /lib/x86_64-linux-gnu/libgcc_s.so.1
7fca2d6aa000-7fca2d8a9000 ---p 00016000 08:06 8523656                    /lib/x86_64-linux-gnu/libgcc_s.so.1
7fca2d8a9000-7fca2d8aa000 rw-p 00015000 08:06 8523656                    /lib/x86_64-linux-gnu/libgcc_s.so.1
7fca2d8aa000-7fca2d990000 r-xp 00000000 08:06 6693737                    /usr/lib/x86_64-linux-gnu/libstdc++.so.6.0.19
7fca2d990000-7fca2db8f000 ---p 000e6000 08:06 6693737                    /usr/lib/x86_64-linux-gnu/libstdc++.so.6.0.19
7fca2db8f000-7fca2db97000 r--p 000e5000 08:06 6693737                    /usr/lib/x86_64-linux-gnu/libstdc++.so.6.0.19
7fca2db97000-7fca2db99000 rw-p 000ed000 08:06 6693737                    /usr/lib/x86_64-linux-gnu/libstdc++.so.6.0.19
7fca2db99000-7fca2dbae000 rw-p 00000000 00:00 0 
7fca2dbae000-7fca2f3ac000 r-xp 00000000 08:06 6692703                    /usr/lib/x86_64-linux-gnu/libLLVM-3.4.so.1
7fca2f3ac000-7fca2f53a000 r--p 017fd000 08:06 6692703                    /usr/lib/x86_64-linux-gnu/libLLVM-3.4.so.1
7fca2f53a000-7fca2f53c000 rw-p 0198b000 08:06 6692703                    /usr/lib/x86_64-linux-gnu/libLLVM-3.4.so.1
7fca2f53c000-7fca2f54f000 rw-p 00000000 00:00 0 
7fca2f54f000-7fca2f55b000 r-xp 00000000 08:06 6693079                    /usr/lib/x86_64-linux-gnu/libdrm_radeon.so.1.0.1
7fca2f55b000-7fca2f75a000 ---p 0000c000 08:06 6693079                    /usr/lib/x86_64-linux-gnu/libdrm_radeon.so.1.0.1
7fca2f75a000-7fca2f75b000 r--p 0000b000 08:06 6693079                    /usr/lib/x86_64-linux-gnu/libdrm_radeon.so.1.0.1
7fca2f75b000-7fca2f75c000 rw-p 0000c000 08:06 6693079                    /usr/lib/x86_64-linux-gnu/libdrm_radeon.so.1.0.1
7fca2f75c000-7fca2f771000 r-xp 00000000 08:06 6693084                    /usr/lib/x86_64-linux-gnu/libelf-0.158.so
7fca2f771000-7fca2f970000 ---p 00015000 08:06 6693084                    /usr/lib/x86_64-linux-gnu/libelf-0.158.so
7fca2f970000-7fca2f971000 r--p 00014000 08:06 6693084                    /usr/lib/x86_64-linux-gnu/libelf-0.158.so
7fca2f971000-7fca2f972000 rw-p 00015000 08:06 6693084                    /usr/lib/x86_64-linux-gnu/libelf-0.158.so
7fca2f972000-7fca2f977000 r-xp 00000000 08:06 6693077                    /usr/lib/x86_64-linux-gnu/libdrm_nouveau.so.2.0.0
7fca2f977000-7fca2fb76000 ---p 00005000 08:06 6693077                    /usr/lib/x86_64-linux-gnu/libdrm_nouveau.so.2.0.0
7fca2fb76000-7fca2fb77000 r--p 00004000 08:06 6693077                    /usr/lib/x86_64-linux-gnu/libdrm_nouveau.so.2.0.0
7fca2fb77000-7fca2fb78000 rw-p 00005000 08:06 6693077                    /usr/lib/x86_64-linux-gnu/libdrm_nouveau.so.2.0.0
7fca2fb78000-7fca2fb7f000 r-xp 00000000 08:06 7079057                    /usr/lib/x86_64-linux-gnu/mesa-egl/libOpenVG.so.1.0.0
7fca2fb7f000-7fca2fd7e000 ---p 00007000 08:06 7079057                    /usr/lib/x86_64-linux-gnu/mesa-egl/libOpenVG.so.1.0.0
7fca2fd7e000-7fca2fd7f000 r--p 00006000 08:06 7079057                    /usr/lib/x86_64-linux-gnu/mesa-egl/libOpenVG.so.1.0.0
7fca2fd7f000-7fca2fd80000 rw-p 00007000 08:06 7079057                    /usr/lib/x86_64-linux-gnu/mesa-egl/libOpenVG.so.1.0.0
7fca2fd80000-7fca2fd82000 rw-p 00000000 00:00 0 
7fca2fd82000-7fca2ff6b000 r-xp 00000000 08:06 6693162                    /usr/lib/x86_64-linux-gnu/libgallium.so.0.0.0
7fca2ff6b000-7fca3016b000 ---p 001e9000 08:06 6693162                    /usr/lib/x86_64-linux-gnu/libgallium.so.0.0.0
7fca3016b000-7fca3017b000 r--p 001e9000 08:06 6693162                    /usr/lib/x86_64-linux-gnu/libgallium.so.0.0.0
7fca3017b000-7fca3017d000 rw-p 001f9000 08:06 6693162                    /usr/lib/x86_64-linux-gnu/libgallium.so.0.0.0
7fca3017d000-7fca30345000 rw-p 00000000 00:00 0 
7fca30345000-7fca30965000 r-xp 00000000 08:06 6949161                    /usr/lib/x86_64-linux-gnu/egl/egl_gallium.so
7fca30965000-7fca30b64000 ---p 00620000 08:06 6949161                    /usr/lib/x86_64-linux-gnu/egl/egl_gallium.so
7fca30b64000-7fca30ba5000 r--p 0061f000 08:06 6949161                    /usr/lib/x86_64-linux-gnu/egl/egl_gallium.so
7fca30ba5000-7fca30bb3000 rw-p 00660000 08:06 6949161                    /usr/lib/x86_64-linux-gnu/egl/egl_gallium.so
7fca30bb3000-7fca30bd3000 rw-p 00000000 00:00 0 
7fca30bd3000-7fca30bd9000 r-xp 00000000 08:06 7079055                    /usr/lib/x86_64-linux-gnu/mesa-egl/libGLESv2.so.2.0.0
7fca30bd9000-7fca30dd9000 ---p 00006000 08:06 7079055                    /usr/lib/x86_64-linux-gnu/mesa-egl/libGLESv2.so.2.0.0
7fca30dd9000-7fca30dda000 r--p 00006000 08:06 7079055                    /usr/lib/x86_64-linux-gnu/mesa-egl/libGLESv2.so.2.0.0
7fca30dda000-7fca30ddb000 rw-p 00007000 08:06 7079055                    /usr/lib/x86_64-linux-gnu/mesa-egl/libGLESv2.so.2.0.0
7fca30ddb000-7fca30e21000 r-xp 00000000 08:06 7086739                    /tmp/jogamp_0000/file_cache/jln684557435121902856/jln7792163824588856752/libjogl_mobile.so
7fca30e21000-7fca31021000 ---p 00046000 08:06 7086739                    /tmp/jogamp_0000/file_cache/jln684557435121902856/jln7792163824588856752/libjogl_mobile.so
7fca31021000-7fca31022000 rw-p 00046000 08:06 7086739                    /tmp/jogamp_0000/file_cache/jln684557435121902856/jln7792163824588856752/libjogl_mobile.so
7fca31022000-7fca31029000 r-xp 00000000 08:06 6693109                    /usr/lib/x86_64-linux-gnu/libffi.so.6.0.1
7fca31029000-7fca31228000 ---p 00007000 08:06 6693109                    /usr/lib/x86_64-linux-gnu/libffi.so.6.0.1
7fca31228000-7fca31229000 r--p 00006000 08:06 6693109                    /usr/lib/x86_64-linux-gnu/libffi.so.6.0.1
7fca31229000-7fca3122a000 rw-p 00007000 08:06 6693109                    /usr/lib/x86_64-linux-gnu/libffi.so.6.0.1
7fca3122a000-7fca31231000 r-xp 00000000 08:06 6693164                    /usr/lib/x86_64-linux-gnu/libgbm.so.1.0.0
7fca31231000-7fca31430000 ---p 00007000 08:06 6693164                    /usr/lib/x86_64-linux-gnu/libgbm.so.1.0.0
7fca31430000-7fca31431000 r--p 00006000 08:06 6693164                    /usr/lib/x86_64-linux-gnu/libgbm.so.1.0.0
7fca31431000-7fca31432000 rw-p 00007000 08:06 6693164                    /usr/lib/x86_64-linux-gnu/libgbm.so.1.0.0
7fca31432000-7fca31441000 r-xp 00000000 08:06 6693847                    /usr/lib/x86_64-linux-gnu/libwayland-server.so.0.1.0
7fca31441000-7fca31640000 ---p 0000f000 08:06 6693847                    /usr/lib/x86_64-linux-gnu/libwayland-server.so.0.1.0
7fca31640000-7fca31642000 r--p 0000e000 08:06 6693847                    /usr/lib/x86_64-linux-gnu/libwayland-server.so.0.1.0
7fca31642000-7fca31643000 rw-p 00010000 08:06 6693847                    /usr/lib/x86_64-linux-gnu/libwayland-server.so.0.1.0
7fca31643000-7fca3164e000 r-xp 00000000 08:06 6693841                    /usr/lib/x86_64-linux-gnu/libwayland-client.so.0.2.0
7fca3164e000-7fca3184d000 ---p 0000b000 08:06 6693841                    /usr/lib/x86_64-linux-gnu/libwayland-client.so.0.2.0
7fca3184d000-7fca3184f000 r--p 0000a000 08:06 6693841                    /usr/lib/x86_64-linux-gnu/libwayland-client.so.0.2.0
7fca3184f000-7fca31850000 rw-p 0000c000 08:06 6693841                    /usr/lib/x86_64-linux-gnu/libwayland-client.so.0.2.0
7fca31850000-7fca31855000 r-xp 00000000 08:06 6693897                    /usr/lib/x86_64-linux-gnu/libxcb-xfixes.so.0.0.0
7fca31855000-7fca31a55000 ---p 00005000 08:06 6693897                    /usr/lib/x86_64-linux-gnu/libxcb-xfixes.so.0.0.0
7fca31a55000-7fca31a56000 r--p 00005000 08:06 6693897                    /usr/lib/x86_64-linux-gnu/libxcb-xfixes.so.0.0.0
7fca31a56000-7fca31a57000 rw-p 00006000 08:06 6693897                    /usr/lib/x86_64-linux-gnu/libxcb-xfixes.so.0.0.0
7fca31a57000-7fca31a7a000 r-xp 00000000 08:06 7079053                    /usr/lib/x86_64-linux-gnu/mesa-egl/libEGL.so.1.0.0
7fca31a7a000-7fca31c7a000 ---p 00023000 08:06 7079053                    /usr/lib/x86_64-linux-gnu/mesa-egl/libEGL.so.1.0.0
7fca31c7a000-7fca31c7b000 r--p 00023000 08:06 7079053                    /usr/lib/x86_64-linux-gnu/mesa-egl/libEGL.so.1.0.0
7fca31c7b000-7fca31c7c000 rw-p 00024000 08:06 7079053                    /usr/lib/x86_64-linux-gnu/mesa-egl/libEGL.so.1.0.0
7fca31c7c000-7fca31d24000 r-xp 00000000 08:06 7086738                    /tmp/jogamp_0000/file_cache/jln684557435121902856/jln7792163824588856752/libjogl_desktop.so
7fca31d24000-7fca31f24000 ---p 000a8000 08:06 7086738                    /tmp/jogamp_0000/file_cache/jln684557435121902856/jln7792163824588856752/libjogl_desktop.so
7fca31f24000-7fca31f25000 rw-p 000a8000 08:06 7086738                    /tmp/jogamp_0000/file_cache/jln684557435121902856/jln7792163824588856752/libjogl_desktop.so
7fca31f25000-7fca31f30000 r-xp 00000000 08:06 6693073                    /usr/lib/x86_64-linux-gnu/libdrm.so.2.4.0
7fca31f30000-7fca3212f000 ---p 0000b000 08:06 6693073                    /usr/lib/x86_64-linux-gnu/libdrm.so.2.4.0
7fca3212f000-7fca32130000 r--p 0000a000 08:06 6693073                    /usr/lib/x86_64-linux-gnu/libdrm.so.2.4.0
7fca32130000-7fca32131000 rw-p 0000b000 08:06 6693073                    /usr/lib/x86_64-linux-gnu/libdrm.so.2.4.0
7fca32131000-7fca32132000 r-xp 00000000 08:06 6693911                    /usr/lib/x86_64-linux-gnu/libxshmfence.so.1.0.0
7fca32132000-7fca32331000 ---p 00001000 08:06 6693911                    /usr/lib/x86_64-linux-gnu/libxshmfence.so.1.0.0
7fca32331000-7fca32332000 r--p 00000000 08:06 6693911                    /usr/lib/x86_64-linux-gnu/libxshmfence.so.1.0.0
7fca32332000-7fca32333000 rw-p 00001000 08:06 6693911                    /usr/lib/x86_64-linux-gnu/libxshmfence.so.1.0.0
7fca32333000-7fca32338000 r-xp 00000000 08:06 6693893                    /usr/lib/x86_64-linux-gnu/libxcb-sync.so.1.0.0
7fca32338000-7fca32537000 ---p 00005000 08:06 6693893                    /usr/lib/x86_64-linux-gnu/libxcb-sync.so.1.0.0
7fca32537000-7fca32538000 r--p 00004000 08:06 6693893                    /usr/lib/x86_64-linux-gnu/libxcb-sync.so.1.0.0
7fca32538000-7fca32539000 rw-p 00005000 08:06 6693893                    /usr/lib/x86_64-linux-gnu/libxcb-sync.so.1.0.0
7fca32539000-7fca3253b000 r-xp 00000000 08:06 6693881                    /usr/lib/x86_64-linux-gnu/libxcb-present.so.0.0.0
7fca3253b000-7fca3273a000 ---p 00002000 08:06 6693881                    /usr/lib/x86_64-linux-gnu/libxcb-present.so.0.0.0
7fca3273a000-7fca3273b000 r--p 00001000 08:06 6693881                    /usr/lib/x86_64-linux-gnu/libxcb-present.so.0.0.0
7fca3273b000-7fca3273c000 rw-p 00002000 08:06 6693881                    /usr/lib/x86_64-linux-gnu/libxcb-present.so.0.0.0
7fca3273c000-7fca3273e000 r-xp 00000000 08:06 6693871                    /usr/lib/x86_64-linux-gnu/libxcb-dri3.so.0.0.0
7fca3273e000-7fca3293d000 ---p 00002000 08:06 6693871                    /usr/lib/x86_64-linux-gnu/libxcb-dri3.so.0.0.0
7fca3293d000-7fca3293e000 r--p 00001000 08:06 6693871                    /usr/lib/x86_64-linux-gnu/libxcb-dri3.so.0.0.0
7fca3293e000-7fca3293f000 rw-p 00002000 08:06 6693871                    /usr/lib/x86_64-linux-gnu/libxcb-dri3.so.0.0.0
7fca3293f000-7fca32942000 r-xp 00000000 08:06 6693869                    /usr/lib/x86_64-linux-gnu/libxcb-dri2.so.0.0.0
7fca32942000-7fca32b42000 ---p 00003000 08:06 6693869                    /usr/lib/x86_64-linux-gnu/libxcb-dri2.so.0.0.0
7fca32b42000-7fca32b43000 r--p 00003000 08:06 6693869                    /usr/lib/x86_64-linux-gnu/libxcb-dri2.so.0.0.0
7fca32b43000-7fca32b44000 rw-p 00004000 08:06 6693869                    /usr/lib/x86_64-linux-gnu/libxcb-dri2.so.0.0.0
7fca32b44000-7fca32b59000 r-xp 00000000 08:06 6693873                    /usr/lib/x86_64-linux-gnu/libxcb-glx.so.0.0.0
7fca32b59000-7fca32d58000 ---p 00015000 08:06 6693873                    /usr/lib/x86_64-linux-gnu/libxcb-glx.so.0.0.0
7fca32d58000-7fca32d5a000 r--p 00014000 08:06 6693873                    /usr/lib/x86_64-linux-gnu/libxcb-glx.so.0.0.0
7fca32d5a000-7fca32d5b000 rw-p 00016000 08:06 6693873                    /usr/lib/x86_64-linux-gnu/libxcb-glx.so.0.0.0
7fca32d5b000-7fca32d5c000 r-xp 00000000 08:06 6692825                    /usr/lib/x86_64-linux-gnu/libX11-xcb.so.1.0.0
7fca32d5c000-7fca32f5b000 ---p 00001000 08:06 6692825                    /usr/lib/x86_64-linux-gnu/libX11-xcb.so.1.0.0
7fca32f5b000-7fca32f5c000 r--p 00000000 08:06 6692825                    /usr/lib/x86_64-linux-gnu/libX11-xcb.so.1.0.0
7fca32f5c000-7fca32f5d000 rw-p 00001000 08:06 6692825                    /usr/lib/x86_64-linux-gnu/libX11-xcb.so.1.0.0
7fca32f5d000-7fca32f5f000 r-xp 00000000 08:06 6692840                    /usr/lib/x86_64-linux-gnu/libXdamage.so.1.1.0
7fca32f5f000-7fca3315e000 ---p 00002000 08:06 6692840                    /usr/lib/x86_64-linux-gnu/libXdamage.so.1.1.0
7fca3315e000-7fca3315f000 r--p 00001000 08:06 6692840                    /usr/lib/x86_64-linux-gnu/libXdamage.so.1.1.0
7fca3315f000-7fca33160000 rw-p 00002000 08:06 6692840                    /usr/lib/x86_64-linux-gnu/libXdamage.so.1.1.0
7fca33160000-7fca33182000 r-xp 00000000 08:06 6693218                    /usr/lib/x86_64-linux-gnu/libglapi.so.0.0.0
7fca33182000-7fca33382000 ---p 00022000 08:06 6693218                    /usr/lib/x86_64-linux-gnu/libglapi.so.0.0.0
7fca33382000-7fca33385000 r--p 00022000 08:06 6693218                    /usr/lib/x86_64-linux-gnu/libglapi.so.0.0.0
7fca33385000-7fca33386000 rw-p 00025000 08:06 6693218                    /usr/lib/x86_64-linux-gnu/libglapi.so.0.0.0
7fca33386000-7fca33387000 rw-p 00000000 00:00 0 
7fca33387000-7fca333e9000 r-xp 00000000 08:06 7079050                    /usr/lib/x86_64-linux-gnu/mesa/libGL.so.1.2.0
7fca333e9000-7fca335e8000 ---p 00062000 08:06 7079050                    /usr/lib/x86_64-linux-gnu/mesa/libGL.so.1.2.0
7fca335e8000-7fca335eb000 r--p 00061000 08:06 7079050                    /usr/lib/x86_64-linux-gnu/mesa/libGL.so.1.2.0
7fca335eb000-7fca335ec000 rw-p 00064000 08:06 7079050                    /usr/lib/x86_64-linux-gnu/mesa/libGL.so.1.2.0
7fca335ec000-7fca335ed000 rw-p 00000000 00:00 0 
7fca335ed000-7fca335f4000 r-xp 00000000 08:06 7086741                    /tmp/jogamp_0000/file_cache/jln684557435121902856/jln7792163824588856752/libnativewindow_x11.so
7fca335f4000-7fca337f3000 ---p 00007000 08:06 7086741                    /tmp/jogamp_0000/file_cache/jln684557435121902856/jln7792163824588856752/libnativewindow_x11.so
7fca337f3000-7fca337f4000 rw-p 00006000 08:06 7086741                    /tmp/jogamp_0000/file_cache/jln684557435121902856/jln7792163824588856752/libnativewindow_x11.so
7fca337f4000-7fca337f8000 r-xp 00000000 08:06 6692882                    /usr/lib/x86_64-linux-gnu/libXxf86vm.so.1.0.0
7fca337f8000-7fca339f8000 ---p 00004000 08:06 6692882                    /usr/lib/x86_64-linux-gnu/libXxf86vm.so.1.0.0
7fca339f8000-7fca339f9000 r--p 00004000 08:06 6692882                    /usr/lib/x86_64-linux-gnu/libXxf86vm.so.1.0.0
7fca339f9000-7fca339fa000 rw-p 00005000 08:06 6692882                    /usr/lib/x86_64-linux-gnu/libXxf86vm.so.1.0.0
7fca339fa000-7fca339fc000 r-xp 00000000 08:06 7086740                    /tmp/jogamp_0000/file_cache/jln684557435121902856/jln7792163824588856752/libnativewindow_awt.so
7fca339fc000-7fca33bfb000 ---p 00002000 08:06 7086740                    /tmp/jogamp_0000/file_cache/jln684557435121902856/jln7792163824588856752/libnativewindow_awt.so
7fca33bfb000-7fca33bfc000 rw-p 00001000 08:06 7086740                    /tmp/jogamp_0000/file_cache/jln684557435121902856/jln7792163824588856752/libnativewindow_awt.so
7fca33bfc000-7fca33bfd000 r-xp 00000000 08:06 1586502                    /home/javingka/Documents/Development/processing-2.2.1/java/lib/amd64/libjawt.so
7fca33bfd000-7fca33dfc000 ---p 00001000 08:06 1586502                    /home/javingka/Documents/Development/processing-2.2.1/java/lib/amd64/libjawt.so
7fca33dfc000-7fca33dfd000 rw-p 00000000 08:06 1586502                    /home/javingka/Documents/Development/processing-2.2.1/java/lib/amd64/libjawt.so
7fca33dfd000-7fca33dff000 r-xp 00000000 08:06 7086737                    /tmp/jogamp_0000/file_cache/jln684557435121902856/jln7792163824588856752/libgluegen-rt.so
7fca33dff000-7fca33fff000 ---p 00002000 08:06 7086737                    /tmp/jogamp_0000/file_cache/jln684557435121902856/jln7792163824588856752/libgluegen-rt.so
7fca33fff000-7fca34000000 rw-p 00002000 08:06 7086737                    /tmp/jogamp_0000/file_cache/jln684557435121902856/jln7792163824588856752/libgluegen-rt.so
7fca34000000-7fca34021000 rw-p 00000000 00:00 0 
7fca34021000-7fca38000000 ---p 00000000 00:00 0 
7fca38000000-7fca38049000 rw-p 00000000 00:00 0 
7fca38049000-7fca3c000000 ---p 00000000 00:00 0 
7fca3c000000-7fca3cca3000 rw-p 00000000 00:00 0 
7fca3cca3000-7fca40000000 ---p 00000000 00:00 0 
7fca40000000-7fca40649000 rw-p 00000000 00:00 0 
7fca40649000-7fca44000000 ---p 00000000 00:00 0 
7fca44000000-7fca44389000 rw-p 00000000 00:00 0 
7fca44389000-7fca48000000 ---p 00000000 00:00 0 
7fca48000000-7fca48896000 rw-p 00000000 00:00 0 
7fca48896000-7fca4c000000 ---p 00000000 00:00 0 
7fca4c000000-7fca4c021000 rw-p 00000000 00:00 0 
7fca4c021000-7fca50000000 ---p 00000000 00:00 0 
7fca50000000-7fca50064000 rw-p 00000000 00:00 0 
7fca50064000-7fca54000000 ---p 00000000 00:00 0 
7fca54000000-7fca54021000 rw-p 00000000 00:00 0 
7fca54021000-7fca58000000 ---p 00000000 00:00 0 
7fca58000000-7fca58021000 rw-p 00000000 00:00 0 
7fca58021000-7fca5c000000 ---p 00000000 00:00 0 
7fca5c000000-7fca5c021000 rw-p 00000000 00:00 0 
7fca5c021000-7fca60000000 ---p 00000000 00:00 0 
7fca60000000-7fca60021000 rw-p 00000000 00:00 0 
7fca60021000-7fca64000000 ---p 00000000 00:00 0 
7fca64000000-7fca64021000 rw-p 00000000 00:00 0 
7fca64021000-7fca68000000 ---p 00000000 00:00 0 
7fca68000000-7fca68002000 r--s 00000000 08:06 917590                     /var/cache/fontconfig/767a8244fc0220cfb567a839d0392e0b-le64.cache-4
7fca68002000-7fca68016000 r--s 00000000 08:06 7605718                    /usr/share/fonts/type1/gsfonts/n019003l.pfb
7fca68116000-7fca68126000 rw-s 128dda000 00:05 7973                      /dev/dri/card0
7fca68126000-7fca68127000 r--s 00000000 08:06 917584                     /var/cache/fontconfig/4794a0821666d79190d59a36cb4f44b5-le64.cache-4
7fca68128000-7fca68129000 r--s 00000000 08:06 917586                     /var/cache/fontconfig/56cf4f4769d0f4abc89a4895d7bd3ae1-le64.cache-4
7fca68129000-7fca6812a000 r--s 00000000 08:06 917598                     /var/cache/fontconfig/b9d506c9ac06c20b433354fa67a72993-le64.cache-4
7fca6812a000-7fca6812b000 r--s 00000000 08:06 917575                     /var/cache/fontconfig/0c9eb80ebd1c36541ebe2852d3bb0c49-le64.cache-4
7fca6812b000-7fca68135000 r--s 00000000 08:06 7605784                    /usr/share/fonts/type1/mathml/Symbol.pfb
7fca68135000-7fca6814b000 r--s 00000000 08:06 7605751                    /usr/share/fonts/type1/gsfonts/n021024l.pfb
7fca6814b000-7fca6814e000 r--s 000f5000 08:06 1712871                    /home/javingka/Documents/Development/processing-2.2.1/java/lib/ext/localedata.jar
7fca6814e000-7fca6814f000 rw-s 1275e0000 00:05 7973                      /dev/dri/card0
7fca68176000-7fca6817b000 rw-s 1269dc000 00:05 7973                      /dev/dri/card0
7fca6817b000-7fca68180000 rw-s 1269d7000 00:05 7973                      /dev/dri/card0
7fca68194000-7fca681a4000 rw-s 12894d000 00:05 7973                      /dev/dri/card0
7fca681b4000-7fca681c4000 rw-s 1284c9000 00:05 7973                      /dev/dri/card0
7fca681c4000-7fca681c7000 ---p 00000000 00:00 0 
7fca681c7000-7fca682c5000 rw-p 00000000 00:00 0 
7fca682c5000-7fca682d5000 r-xp 00000000 08:06 1586535                    /home/javingka/Documents/Development/processing-2.2.1/java/lib/amd64/libnio.so
7fca682d5000-7fca684d5000 ---p 00010000 08:06 1586535                    /home/javingka/Documents/Development/processing-2.2.1/java/lib/amd64/libnio.so
7fca684d5000-7fca684d6000 rw-p 00010000 08:06 1586535                    /home/javingka/Documents/Development/processing-2.2.1/java/lib/amd64/libnio.so
7fca684d6000-7fca684eb000 r-xp 00000000 08:06 1586499                    /home/javingka/Documents/Development/processing-2.2.1/java/lib/amd64/libnet.so
7fca684eb000-7fca686eb000 ---p 00015000 08:06 1586499                    /home/javingka/Documents/Development/processing-2.2.1/java/lib/amd64/libnet.so
7fca686eb000-7fca686ec000 rw-p 00015000 08:06 1586499                    /home/javingka/Documents/Development/processing-2.2.1/java/lib/amd64/libnet.so
7fca686ec000-7fca686ef000 ---p 00000000 00:00 0 
7fca686ef000-7fca687ed000 rw-p 00000000 00:00 0                          [stack:5133]
7fca687ed000-7fca687f0000 ---p 00000000 00:00 0 
7fca687f0000-7fca688ee000 rw-p 00000000 00:00 0                          [stack:5132]
7fca688ee000-7fca688f1000 ---p 00000000 00:00 0 
7fca688f1000-7fca689ef000 rw-p 00000000 00:00 0                          [stack:5131]
7fca689ef000-7fca689f2000 ---p 00000000 00:00 0 
7fca689f2000-7fca68af0000 rw-p 00000000 00:00 0                          [stack:5152]
7fca68af0000-7fca68af3000 ---p 00000000 00:00 0 
7fca68af3000-7fca68bf1000 rw-p 00000000 00:00 0                          [stack:5129]
7fca68bf1000-7fca68bf6000 r-xp 00000000 08:06 6692846                    /usr/lib/x86_64-linux-gnu/libXfixes.so.3.1.0
7fca68bf6000-7fca68df5000 ---p 00005000 08:06 6692846                    /usr/lib/x86_64-linux-gnu/libXfixes.so.3.1.0
7fca68df5000-7fca68df6000 r--p 00004000 08:06 6692846                    /usr/lib/x86_64-linux-gnu/libXfixes.so.3.1.0
7fca68df6000-7fca68df7000 rw-p 00005000 08:06 6692846                    /usr/lib/x86_64-linux-gnu/libXfixes.so.3.1.0
7fca68df7000-7fca68e00000 r-xp 00000000 08:06 6692838                    /usr/lib/x86_64-linux-gnu/libXcursor.so.1.0.2
7fca68e00000-7fca68fff000 ---p 00009000 08:06 6692838                    /usr/lib/x86_64-linux-gnu/libXcursor.so.1.0.2
7fca68fff000-7fca69000000 r--p 00008000 08:06 6692838                    /usr/lib/x86_64-linux-gnu/libXcursor.so.1.0.2
7fca69000000-7fca69001000 rw-p 00009000 08:06 6692838                    /usr/lib/x86_64-linux-gnu/libXcursor.so.1.0.2
7fca69001000-7fca69004000 ---p 00000000 00:00 0 
7fca69004000-7fca69102000 rw-p 00000000 00:00 0                          [stack:5128]
7fca69102000-7fca69107000 r-xp 00000000 08:06 6692842                    /usr/lib/x86_64-linux-gnu/libXdmcp.so.6.0.0
7fca69107000-7fca69306000 ---p 00005000 08:06 6692842                    /usr/lib/x86_64-linux-gnu/libXdmcp.so.6.0.0
7fca69306000-7fca69307000 r--p 00004000 08:06 6692842                    /usr/lib/x86_64-linux-gnu/libXdmcp.so.6.0.0
7fca69307000-7fca69308000 rw-p 00005000 08:06 6692842                    /usr/lib/x86_64-linux-gnu/libXdmcp.so.6.0.0
7fca69308000-7fca6930a000 r-xp 00000000 08:06 6692831                    /usr/lib/x86_64-linux-gnu/libXau.so.6.0.0
7fca6930a000-7fca6950a000 ---p 00002000 08:06 6692831                    /usr/lib/x86_64-linux-gnu/libXau.so.6.0.0
7fca6950a000-7fca6950b000 r--p 00002000 08:06 6692831                    /usr/lib/x86_64-linux-gnu/libXau.so.6.0.0
7fca6950b000-7fca6950c000 rw-p 00003000 08:06 6692831                    /usr/lib/x86_64-linux-gnu/libXau.so.6.0.0
7fca6950c000-7fca69529000 r-xp 00000000 08:06 6693901                    /usr/lib/x86_64-linux-gnu/libxcb.so.1.1.0
7fca69529000-7fca69729000 ---p 0001d000 08:06 6693901                    /usr/lib/x86_64-linux-gnu/libxcb.so.1.1.0
7fca69729000-7fca6972a000 r--p 0001d000 08:06 6693901                    /usr/lib/x86_64-linux-gnu/libxcb.so.1.1.0
7fca6972a000-7fca6972b000 rw-p 0001e000 08:06 6693901                    /usr/lib/x86_64-linux-gnu/libxcb.so.1.1.0
7fca6972b000-7fca6973a000 r-xp 00000000 08:06 6692852                    /usr/lib/x86_64-linux-gnu/libXi.so.6.1.0
7fca6973a000-7fca69939000 ---p 0000f000 08:06 6692852                    /usr/lib/x86_64-linux-gnu/libXi.so.6.1.0
7fca69939000-7fca6993a000 r--p 0000e000 08:06 6692852                    /usr/lib/x86_64-linux-gnu/libXi.so.6.1.0
7fca6993a000-7fca6993b000 rw-p 0000f000 08:06 6692852                    /usr/lib/x86_64-linux-gnu/libXi.so.6.1.0
7fca6993b000-7fca69940000 r-xp 00000000 08:06 6692872                    /usr/lib/x86_64-linux-gnu/libXtst.so.6.1.0
7fca69940000-7fca69b3f000 ---p 00005000 08:06 6692872                    /usr/lib/x86_64-linux-gnu/libXtst.so.6.1.0
7fca69b3f000-7fca69b40000 r--p 00004000 08:06 6692872                    /usr/lib/x86_64-linux-gnu/libXtst.so.6.1.0
7fca69b40000-7fca69b41000 rw-p 00005000 08:06 6692872                    /usr/lib/x86_64-linux-gnu/libXtst.so.6.1.0
7fca69b41000-7fca69b4a000 r-xp 00000000 08:06 6692866                    /usr/lib/x86_64-linux-gnu/libXrender.so.1.3.0
7fca69b4a000-7fca69d49000 ---p 00009000 08:06 6692866                    /usr/lib/x86_64-linux-gnu/libXrender.so.1.3.0
7fca69d49000-7fca69d4a000 r--p 00008000 08:06 6692866                    /usr/lib/x86_64-linux-gnu/libXrender.so.1.3.0
7fca69d4a000-7fca69d4b000 rw-p 00009000 08:06 6692866                    /usr/lib/x86_64-linux-gnu/libXrender.so.1.3.0
7fca69d4b000-7fca69e7b000 r-xp 00000000 08:06 6692827                    /usr/lib/x86_64-linux-gnu/libX11.so.6.3.0
7fca69e7b000-7fca6a07b000 ---p 00130000 08:06 6692827                    /usr/lib/x86_64-linux-gnu/libX11.so.6.3.0
7fca6a07b000-7fca6a07c000 r--p 00130000 08:06 6692827                    /usr/lib/x86_64-linux-gnu/libX11.so.6.3.0
7fca6a07c000-7fca6a080000 rw-p 00131000 08:06 6692827                    /usr/lib/x86_64-linux-gnu/libX11.so.6.3.0
7fca6a080000-7fca6c000000 rw-p 00000000 00:00 0 
7fca6c000000-7fca6c021000 rw-p 00000000 00:00 0 
7fca6c021000-7fca70000000 ---p 00000000 00:00 0 
7fca70002000-7fca70003000 rw-s 1269ab000 00:05 7973                      /dev/dri/card0
7fca70003000-7fca70004000 rw-s 11d2a7000 00:05 7973                      /dev/dri/card0
7fca70004000-7fca70005000 rw-s 126d10000 00:05 7973                      /dev/dri/card0
7fca70005000-7fca70006000 rw-s 126d0f000 00:05 7973                      /dev/dri/card0
7fca70006000-7fca70007000 rw-s 11d2a6000 00:05 7973                      /dev/dri/card0
7fca70007000-7fca70008000 rw-s 128971000 00:05 7973                      /dev/dri/card0
7fca70008000-7fca70009000 rw-s 128970000 00:05 7973                      /dev/dri/card0
7fca70009000-7fca7000a000 rw-s 12895f000 00:05 7973                      /dev/dri/card0
7fca7000a000-7fca7000b000 rw-s 12895e000 00:05 7973                      /dev/dri/card0
7fca7000b000-7fca7000c000 rw-s 12895d000 00:05 7973                      /dev/dri/card0
7fca7000c000-7fca7001c000 rw-s 1284b9000 00:05 7973                      /dev/dri/card0
7fca7001c000-7fca7001d000 rwxp 00000000 00:00 0 
7fca7003c000-7fca7003d000 rw-p 00000000 00:00 0 
7fca7003d000-7fca70040000 ---p 00000000 00:00 0 
7fca70040000-7fca70076000 rw-p 00000000 00:00 0 
7fca70076000-7fca7007a000 r--s 0007d000 08:06 1455126                    /home/javingka/Documents/Development/processing-2.2.1/java/lib/jsse.jar
7fca7007a000-7fca70083000 r--s 0009f000 08:06 1454253                    /home/javingka/Documents/Development/processing-2.2.1/lib/pde.jar
7fca70083000-7fca70097000 r--s 00141000 08:06 1454282                    /home/javingka/Documents/Development/processing-2.2.1/lib/org.eclipse.osgi_3.8.1.v20120830-144521.jar
7fca70097000-7fca700ab000 r--s 00127000 08:06 1454257                    /home/javingka/Documents/Development/processing-2.2.1/lib/jna.jar
7fca700ab000-7fca700b8000 r--s 000c6000 08:06 1454259                    /home/javingka/Documents/Development/processing-2.2.1/lib/jdimodel.jar
7fca700b8000-7fca700bc000 r--s 0000e000 08:06 1454255                    /home/javingka/Documents/Development/processing-2.2.1/lib/jdi.jar
7fca700bc000-7fca700cd000 r-xp 00000000 08:06 6692844                    /usr/lib/x86_64-linux-gnu/libXext.so.6.4.0
7fca700cd000-7fca702cc000 ---p 00011000 08:06 6692844                    /usr/lib/x86_64-linux-gnu/libXext.so.6.4.0
7fca702cc000-7fca702cd000 r--p 00010000 08:06 6692844                    /usr/lib/x86_64-linux-gnu/libXext.so.6.4.0
7fca702cd000-7fca702ce000 rw-p 00011000 08:06 6692844                    /usr/lib/x86_64-linux-gnu/libXext.so.6.4.0
7fca702ce000-7fca7031e000 r-xp 00000000 08:06 1846591                    /home/javingka/Documents/Development/processing-2.2.1/java/lib/amd64/xawt/libmawt.so
7fca7031e000-7fca7051e000 ---p 00050000 08:06 1846591                    /home/javingka/Documents/Development/processing-2.2.1/java/lib/amd64/xawt/libmawt.so
7fca7051e000-7fca70522000 rw-p 00050000 08:06 1846591                    /home/javingka/Documents/Development/processing-2.2.1/java/lib/amd64/xawt/libmawt.so
7fca70522000-7fca70523000 rw-p 00000000 00:00 0 
7fca70523000-7fca705c6000 r-xp 00000000 08:06 1586511                    /home/javingka/Documents/Development/processing-2.2.1/java/lib/amd64/libawt.so
7fca705c6000-7fca707c6000 ---p 000a3000 08:06 1586511                    /home/javingka/Documents/Development/processing-2.2.1/java/lib/amd64/libawt.so
7fca707c6000-7fca707d2000 rw-p 000a3000 08:06 1586511                    /home/javingka/Documents/Development/processing-2.2.1/java/lib/amd64/libawt.so
7fca707d2000-7fca707f6000 rw-p 00000000 00:00 0 
7fca707f6000-7fca707f7000 ---p 00000000 00:00 0 
7fca707f7000-7fca708f7000 rw-p 00000000 00:00 0                          [stack:5127]
7fca708f7000-7fca708fa000 ---p 00000000 00:00 0 
7fca708fa000-7fca709f8000 rw-p 00000000 00:00 0                          [stack:5126]
7fca709f8000-7fca709fb000 ---p 00000000 00:00 0 
7fca709fb000-7fca70af9000 rw-p 00000000 00:00 0                          [stack:5125]
7fca70af9000-7fca70afc000 ---p 00000000 00:00 0 
7fca70afc000-7fca70bfa000 rw-p 00000000 00:00 0                          [stack:5124]
7fca70bfa000-7fca70bfd000 ---p 00000000 00:00 0 
7fca70bfd000-7fca70cfb000 rw-p 00000000 00:00 0                          [stack:5118]
7fca70cfb000-7fca70cfe000 ---p 00000000 00:00 0 
7fca70cfe000-7fca70dfc000 rw-p 00000000 00:00 0                          [stack:5115]
7fca70dfc000-7fca70e00000 r-xp 00000000 08:06 1586512                    /home/javingka/Documents/Development/processing-2.2.1/java/lib/amd64/libdt_socket.so
7fca70e00000-7fca70fff000 ---p 00004000 08:06 1586512                    /home/javingka/Documents/Development/processing-2.2.1/java/lib/amd64/libdt_socket.so
7fca70fff000-7fca71000000 rw-p 00003000 08:06 1586512                    /home/javingka/Documents/Development/processing-2.2.1/java/lib/amd64/libdt_socket.so
7fca71000000-7fca712a0000 rwxp 00000000 00:00 0 
7fca712a0000-7fca74306000 rw-p 00000000 00:00 0 
7fca74306000-7fca78000000 ---p 00000000 00:00 0 
7fca78000000-7fca78003000 r--s 00041000 08:06 1454256                    /home/javingka/Documents/Development/processing-2.2.1/lib/org-netbeans-swing-outline.jar
7fca78003000-7fca7803f000 r--s 00629000 08:06 1454254                    /home/javingka/Documents/Development/processing-2.2.1/lib/com.ibm.icu_4.4.2.v20110823.jar
7fca7803f000-7fca78044000 r--s 00068000 08:06 1454280                    /home/javingka/Documents/Development/processing-2.2.1/lib/antlr.jar
7fca78044000-7fca78062000 r--s 001bb000 08:06 1454271                    /home/javingka/Documents/Development/processing-2.2.1/lib/ant.jar
7fca78062000-7fca78064000 r--s 00002000 08:06 1454270                    /home/javingka/Documents/Development/processing-2.2.1/lib/ant-launcher.jar
7fca78064000-7fca78068000 r--s 00024000 08:06 2100848                    /home/javingka/sketchbook/libraries/Toxiclibs/toxiclibscore/library/toxiclibscore.jar
7fca78068000-7fca7806a000 r--s 0001e000 08:06 2231482                    /home/javingka/sketchbook/libraries/punktiert/punktiert/library/punktiert.jar
7fca7806a000-7fca7806e000 r--s 00033000 08:06 1713019                    /home/javingka/sketchbook/libraries/controlP5/library/controlP5.jar
7fca7806e000-7fca7808f000 r--s 002d0000 08:06 1327644                    /home/javingka/Documents/Development/processing-2.2.1/core/library/jogl-all.jar
7fca7808f000-7fca78092000 ---p 00000000 00:00 0 
7fca78092000-7fca78190000 rw-p 00000000 00:00 0                          [stack:5114]
7fca78190000-7fca78193000 ---p 00000000 00:00 0 
7fca78193000-7fca78291000 rw-p 00000000 00:00 0                          [stack:5113]
7fca78291000-7fca78294000 ---p 00000000 00:00 0 
7fca78294000-7fca78392000 rw-p 00000000 00:00 0                          [stack:5112]
7fca78392000-7fca78395000 ---p 00000000 00:00 0 
7fca78395000-7fca78493000 rw-p 00000000 00:00 0                          [stack:5111]
7fca78493000-7fca78494000 ---p 00000000 00:00 0 
7fca78494000-7fca78f4b000 rw-p 00000000 00:00 0                          [stack:5110]
7fca78f4b000-7fca79108000 r--s 031b5000 08:06 1454599                    /home/javingka/Documents/Development/processing-2.2.1/java/lib/rt.jar
7fca79108000-7fca793f9000 rw-p 00000000 00:00 0 
7fca793f9000-7fca793fa000 ---p 00000000 00:00 0 
7fca793fa000-7fca794fa000 rw-p 00000000 00:00 0                          [stack:5109]
7fca794fa000-7fca794fb000 ---p 00000000 00:00 0 
7fca794fb000-7fca79606000 rw-p 00000000 00:00 0                          [stack:5108]
7fca79606000-7fca79624000 rw-p 00000000 00:00 0 
7fca79624000-7fca79638000 rw-p 00000000 00:00 0 
7fca79638000-7fca79759000 rw-p 00000000 00:00 0 
7fca79759000-7fca79764000 rw-p 00000000 00:00 0 
7fca79764000-7fca79782000 rw-p 00000000 00:00 0 
7fca79782000-7fca79796000 rw-p 00000000 00:00 0 
7fca79796000-7fca798b6000 rw-p 00000000 00:00 0 
7fca798b6000-7fca7992f000 rw-p 00000000 00:00 0 
7fca7992f000-7fca79951000 ---p 00000000 00:00 0 
7fca79951000-7fca79952000 rw-p 00000000 00:00 0 
7fca79952000-7fca7996c000 r-xp 00000000 08:06 1586522                    /home/javingka/Documents/Development/processing-2.2.1/java/lib/amd64/libzip.so
7fca7996c000-7fca79b6c000 ---p 0001a000 08:06 1586522                    /home/javingka/Documents/Development/processing-2.2.1/java/lib/amd64/libzip.so
7fca79b6c000-7fca79b6d000 rw-p 0001a000 08:06 1586522                    /home/javingka/Documents/Development/processing-2.2.1/java/lib/amd64/libzip.so
7fca79b6d000-7fca79b78000 r-xp 00000000 08:06 8519779                    /lib/x86_64-linux-gnu/libnss_files-2.19.so
7fca79b78000-7fca79d77000 ---p 0000b000 08:06 8519779                    /lib/x86_64-linux-gnu/libnss_files-2.19.so
7fca79d77000-7fca79d78000 r--p 0000a000 08:06 8519779                    /lib/x86_64-linux-gnu/libnss_files-2.19.so
7fca79d78000-7fca79d79000 rw-p 0000b000 08:06 8519779                    /lib/x86_64-linux-gnu/libnss_files-2.19.so
7fca79d79000-7fca79d84000 r-xp 00000000 08:06 8519780                    /lib/x86_64-linux-gnu/libnss_nis-2.19.so
7fca79d84000-7fca79f83000 ---p 0000b000 08:06 8519780                    /lib/x86_64-linux-gnu/libnss_nis-2.19.so
7fca79f83000-7fca79f84000 r--p 0000a000 08:06 8519780                    /lib/x86_64-linux-gnu/libnss_nis-2.19.so
7fca79f84000-7fca79f85000 rw-p 0000b000 08:06 8519780                    /lib/x86_64-linux-gnu/libnss_nis-2.19.so
7fca79f85000-7fca79f9c000 r-xp 00000000 08:06 8519706                    /lib/x86_64-linux-gnu/libnsl-2.19.so
7fca79f9c000-7fca7a19b000 ---p 00017000 08:06 8519706                    /lib/x86_64-linux-gnu/libnsl-2.19.so
7fca7a19b000-7fca7a19c000 r--p 00016000 08:06 8519706                    /lib/x86_64-linux-gnu/libnsl-2.19.so
7fca7a19c000-7fca7a19d000 rw-p 00017000 08:06 8519706                    /lib/x86_64-linux-gnu/libnsl-2.19.so
7fca7a19d000-7fca7a19f000 rw-p 00000000 00:00 0 
7fca7a19f000-7fca7a1a8000 r-xp 00000000 08:06 8519685                    /lib/x86_64-linux-gnu/libnss_compat-2.19.so
7fca7a1a8000-7fca7a3a7000 ---p 00009000 08:06 8519685                    /lib/x86_64-linux-gnu/libnss_compat-2.19.so
7fca7a3a7000-7fca7a3a8000 r--p 00008000 08:06 8519685                    /lib/x86_64-linux-gnu/libnss_compat-2.19.so
7fca7a3a8000-7fca7a3a9000 rw-p 00009000 08:06 8519685                    /lib/x86_64-linux-gnu/libnss_compat-2.19.so
7fca7a3a9000-7fca7aa8c000 r--p 00000000 08:06 6691763                    /usr/lib/locale/locale-archive
7fca7aa8c000-7fca7aa8f000 r-xp 00000000 08:06 1586508                    /home/javingka/Documents/Development/processing-2.2.1/java/lib/amd64/libnpt.so
7fca7aa8f000-7fca7ac8e000 ---p 00003000 08:06 1586508                    /home/javingka/Documents/Development/processing-2.2.1/java/lib/amd64/libnpt.so
7fca7ac8e000-7fca7ac8f000 rw-p 00002000 08:06 1586508                    /home/javingka/Documents/Development/processing-2.2.1/java/lib/amd64/libnpt.so
7fca7ac8f000-7fca7acc8000 r-xp 00000000 08:06 1586520                    /home/javingka/Documents/Development/processing-2.2.1/java/lib/amd64/libjdwp.so
7fca7acc8000-7fca7aec8000 ---p 00039000 08:06 1586520                    /home/javingka/Documents/Development/processing-2.2.1/java/lib/amd64/libjdwp.so
7fca7aec8000-7fca7aec9000 rw-p 00039000 08:06 1586520                    /home/javingka/Documents/Development/processing-2.2.1/java/lib/amd64/libjdwp.so
7fca7aec9000-7fca7aeca000 rw-p 00000000 00:00 0 
7fca7aeca000-7fca7aef3000 r-xp 00000000 08:06 1586536                    /home/javingka/Documents/Development/processing-2.2.1/java/lib/amd64/libjava.so
7fca7aef3000-7fca7b0f3000 ---p 00029000 08:06 1586536                    /home/javingka/Documents/Development/processing-2.2.1/java/lib/amd64/libjava.so
7fca7b0f3000-7fca7b0f5000 rw-p 00029000 08:06 1586536                    /home/javingka/Documents/Development/processing-2.2.1/java/lib/amd64/libjava.so
7fca7b0f5000-7fca7b102000 r-xp 00000000 08:06 1586497                    /home/javingka/Documents/Development/processing-2.2.1/java/lib/amd64/libverify.so
7fca7b102000-7fca7b301000 ---p 0000d000 08:06 1586497                    /home/javingka/Documents/Development/processing-2.2.1/java/lib/amd64/libverify.so
7fca7b301000-7fca7b303000 rw-p 0000c000 08:06 1586497                    /home/javingka/Documents/Development/processing-2.2.1/java/lib/amd64/libverify.so
7fca7b303000-7fca7b30a000 r-xp 00000000 08:06 8519710                    /lib/x86_64-linux-gnu/librt-2.19.so
7fca7b30a000-7fca7b509000 ---p 00007000 08:06 8519710                    /lib/x86_64-linux-gnu/librt-2.19.so
7fca7b509000-7fca7b50a000 r--p 00006000 08:06 8519710                    /lib/x86_64-linux-gnu/librt-2.19.so
7fca7b50a000-7fca7b50b000 rw-p 00007000 08:06 8519710                    /lib/x86_64-linux-gnu/librt-2.19.so
7fca7b50b000-7fca7b610000 r-xp 00000000 08:06 8519775                    /lib/x86_64-linux-gnu/libm-2.19.so
7fca7b610000-7fca7b80f000 ---p 00105000 08:06 8519775                    /lib/x86_64-linux-gnu/libm-2.19.so
7fca7b80f000-7fca7b810000 r--p 00104000 08:06 8519775                    /lib/x86_64-linux-gnu/libm-2.19.so
7fca7b810000-7fca7b811000 rw-p 00105000 08:06 8519775                    /lib/x86_64-linux-gnu/libm-2.19.so
7fca7b811000-7fca7c373000 r-xp 00000000 08:06 1846588                    /home/javingka/Documents/Development/processing-2.2.1/java/lib/amd64/server/libjvm.so
7fca7c373000-7fca7c573000 ---p 00b62000 08:06 1846588                    /home/javingka/Documents/Development/processing-2.2.1/java/lib/amd64/server/libjvm.so
7fca7c573000-7fca7c636000 rw-p 00b62000 08:06 1846588                    /home/javingka/Documents/Development/processing-2.2.1/java/lib/amd64/server/libjvm.so
7fca7c636000-7fca7c677000 rw-p 00000000 00:00 0 
7fca7c677000-7fca7c832000 r-xp 00000000 08:06 8519772                    /lib/x86_64-linux-gnu/libc-2.19.so
7fca7c832000-7fca7ca32000 ---p 001bb000 08:06 8519772                    /lib/x86_64-linux-gnu/libc-2.19.so
7fca7ca32000-7fca7ca36000 r--p 001bb000 08:06 8519772                    /lib/x86_64-linux-gnu/libc-2.19.so
7fca7ca36000-7fca7ca38000 rw-p 001bf000 08:06 8519772                    /lib/x86_64-linux-gnu/libc-2.19.so
7fca7ca38000-7fca7ca3d000 rw-p 00000000 00:00 0 
7fca7ca3d000-7fca7ca40000 r-xp 00000000 08:06 8519784                    /lib/x86_64-linux-gnu/libdl-2.19.so
7fca7ca40000-7fca7cc3f000 ---p 00003000 08:06 8519784                    /lib/x86_64-linux-gnu/libdl-2.19.so
7fca7cc3f000-7fca7cc40000 r--p 00002000 08:06 8519784                    /lib/x86_64-linux-gnu/libdl-2.19.so
7fca7cc40000-7fca7cc41000 rw-p 00003000 08:06 8519784                    /lib/x86_64-linux-gnu/libdl-2.19.so
7fca7cc41000-7fca7cc57000 r-xp 00000000 08:06 1712904                    /home/javingka/Documents/Development/processing-2.2.1/java/lib/amd64/jli/libjli.so
7fca7cc57000-7fca7ce57000 ---p 00016000 08:06 1712904                    /home/javingka/Documents/Development/processing-2.2.1/java/lib/amd64/jli/libjli.so
7fca7ce57000-7fca7ce58000 rw-p 00016000 08:06 1712904                    /home/javingka/Documents/Development/processing-2.2.1/java/lib/amd64/jli/libjli.so
7fca7ce58000-7fca7ce71000 r-xp 00000000 08:06 8523608                    /lib/x86_64-linux-gnu/libpthread-2.19.so
7fca7ce71000-7fca7d070000 ---p 00019000 08:06 8523608                    /lib/x86_64-linux-gnu/libpthread-2.19.so
7fca7d070000-7fca7d071000 r--p 00018000 08:06 8523608                    /lib/x86_64-linux-gnu/libpthread-2.19.so
7fca7d071000-7fca7d072000 rw-p 00019000 08:06 8523608                    /lib/x86_64-linux-gnu/libpthread-2.19.so
7fca7d072000-7fca7d076000 rw-p 00000000 00:00 0 
7fca7d076000-7fca7d099000 r-xp 00000000 08:06 8519773                    /lib/x86_64-linux-gnu/ld-2.19.so
7fca7d099000-7fca7d09a000 r--p 00000000 00:00 0 
7fca7d09a000-7fca7d09c000 r--s 00030000 08:06 1327633                    /home/javingka/Documents/Development/processing-2.2.1/core/library/jogl-all-natives-linux-i586.jar
7fca7d09c000-7fca7d0a0000 r--s 00097000 08:06 1327635                    /home/javingka/Documents/Development/processing-2.2.1/core/library/core.jar
7fca7d0a0000-7fca7d0bf000 rw-p 00000000 00:00 0 
7fca7d0bf000-7fca7d174000 rw-p 00000000 00:00 0 
7fca7d174000-7fca7d177000 ---p 00000000 00:00 0 
7fca7d177000-7fca7d279000 rw-p 00000000 00:00 0                          [stack:5107]
7fca7d279000-7fca7d27a000 r--s 00001000 08:06 1586961                    /home/javingka/sketchbook/libraries/udp/library/udp.jar
7fca7d27a000-7fca7d27b000 r--s 00000000 08:06 1327645                    /home/javingka/Documents/Development/processing-2.2.1/core/library/gluegen-rt-natives-linux-armv6hf.jar
7fca7d27b000-7fca7d27c000 r--s 0002d000 08:06 1327614                    /home/javingka/Documents/Development/processing-2.2.1/core/library/jogl-all-natives-windows-i586.jar
7fca7d27c000-7fca7d27d000 r--s 00031000 08:06 1327638                    /home/javingka/Documents/Development/processing-2.2.1/core/library/jogl-all-natives-linux-amd64.jar
7fca7d27d000-7fca7d27e000 r--s 00063000 08:06 1327629                    /home/javingka/Documents/Development/processing-2.2.1/core/library/jogl-all-natives-macosx-universal.jar
7fca7d27e000-7fca7d27f000 r--s 00001000 08:06 1327631                    /home/javingka/Documents/Development/processing-2.2.1/core/library/gluegen-rt-natives-windows-amd64.jar
7fca7d27f000-7fca7d280000 r--s 00000000 08:06 1327634                    /home/javingka/Documents/Development/processing-2.2.1/core/library/gluegen-rt-natives-linux-amd64.jar
7fca7d280000-7fca7d281000 r--s 00034000 08:06 1327640                    /home/javingka/Documents/Development/processing-2.2.1/core/library/jogl-all-natives-windows-amd64.jar
7fca7d281000-7fca7d282000 r--s 00001000 08:06 1327641                    /home/javingka/Documents/Development/processing-2.2.1/core/library/gluegen-rt-natives-macosx-universal.jar
7fca7d282000-7fca7d283000 r--s 00022000 08:06 1327636                    /home/javingka/Documents/Development/processing-2.2.1/core/library/jogl-all-natives-linux-armv6hf.jar
7fca7d283000-7fca7d284000 r--s 00001000 08:06 1327646                    /home/javingka/Documents/Development/processing-2.2.1/core/library/gluegen-rt-natives-windows-i586.jar
7fca7d284000-7fca7d285000 r--s 00000000 08:06 1327632                    /home/javingka/Documents/Development/processing-2.2.1/core/library/gluegen-rt-natives-linux-i586.jar
7fca7d285000-7fca7d28b000 r--s 00041000 08:06 1327630                    /home/javingka/Documents/Development/processing-2.2.1/core/library/gluegen-rt.jar
7fca7d28b000-7fca7d28c000 rw-p 00000000 00:00 0 
7fca7d28c000-7fca7d294000 rw-s 00000000 08:06 7086744                    /tmp/hsperfdata_javingka/5105
7fca7d294000-7fca7d295000 rw-p 00000000 00:00 0 
7fca7d295000-7fca7d296000 r--p 00000000 00:00 0 
7fca7d296000-7fca7d298000 rw-p 00000000 00:00 0 
7fca7d298000-7fca7d299000 r--p 00022000 08:06 8519773                    /lib/x86_64-linux-gnu/ld-2.19.so
7fca7d299000-7fca7d29a000 rw-p 00023000 08:06 8519773                    /lib/x86_64-linux-gnu/ld-2.19.so
7fca7d29a000-7fca7d29b000 rw-p 00000000 00:00 0 
7fff7386f000-7fff73893000 rw-p 00000000 00:00 0                          [stack]
7fff739b4000-7fff739b6000 r-xp 00000000 00:00 0                          [vdso]
ffffffffff600000-ffffffffff601000 r-xp 00000000 00:00 0                  [vsyscall]

VM Arguments:
jvm_args: -agentlib:jdwp=transport=dt_socket,address=8118,server=y,suspend=y -Djava.library.path=:/home/javingka/sketchbook/libraries/controlP5/library:/home/javingka/sketchbook/libraries/udp/library:/home/javingka/sketchbook/libraries/punktiert/punktiert/library:/home/javingka/sketchbook/libraries/Toxiclibs/toxiclibscore/library:/usr/java/packages/lib/amd64:/usr/lib64:/lib64:/lib:/usr/lib -ea 
java_command: processing.core.PApplet --display=0 GabineteProjecao --sketch-path=/home/javingka/sketchbook/programs/Gabinete/GabineteProjecao/../GabineteProjecao
Launcher Type: SUN_STANDARD

Environment Variables:
PATH=/home/javingka/Documents/Development/processing-2.2.1/java/bin:/usr/local/sbin:/usr/local/bin:/usr/sbin:/usr/bin:/sbin:/bin:/usr/games:/usr/local/games
SHELL=/bin/bash
DISPLAY=:0

Signal Handlers:
SIGSEGV: [libjvm.so+0x992d50], sa_mask[0]=0x7ffbfeff, sa_flags=0x10000004
SIGBUS: [libjvm.so+0x992d50], sa_mask[0]=0x7ffbfeff, sa_flags=0x10000004
SIGFPE: [libjvm.so+0x80fb00], sa_mask[0]=0x7ffbfeff, sa_flags=0x10000004
SIGPIPE: [libjvm.so+0x80fb00], sa_mask[0]=0x7ffbfeff, sa_flags=0x10000004
SIGXFSZ: [libjvm.so+0x80fb00], sa_mask[0]=0x7ffbfeff, sa_flags=0x10000004
SIGILL: [libjvm.so+0x80fb00], sa_mask[0]=0x7ffbfeff, sa_flags=0x10000004
SIGUSR1: SIG_DFL, sa_mask[0]=0x00000000, sa_flags=0x00000000
SIGUSR2: [libjvm.so+0x810ff0], sa_mask[0]=0x00000004, sa_flags=0x10000004
SIGHUP: [libjvm.so+0x811f60], sa_mask[0]=0x7ffbfeff, sa_flags=0x10000004
SIGINT: [libjvm.so+0x811f60], sa_mask[0]=0x7ffbfeff, sa_flags=0x10000004
SIGTERM: [libjvm.so+0x811f60], sa_mask[0]=0x7ffbfeff, sa_flags=0x10000004
SIGQUIT: [libjvm.so+0x811f60], sa_mask[0]=0x7ffbfeff, sa_flags=0x10000004


---------------  S Y S T E M  ---------------

OS:jessie/sid

uname:Linux 3.13.0-32-generic #57-Ubuntu SMP Tue Jul 15 03:51:08 UTC 2014 x86_64
libc:glibc 2.19 NPTL 2.19 
rlimit: STACK 8192k, CORE 0k, NPROC 28891, NOFILE 4096, AS infinity
load average:1,25 0,96 0,72

/proc/meminfo:
MemTotal:        3785632 kB
MemFree:          794928 kB
Buffers:          169836 kB
Cached:           925960 kB
SwapCached:            0 kB
Active:          2147132 kB
Inactive:         620008 kB
Active(anon):    1672428 kB
Inactive(anon):    11752 kB
Active(file):     474704 kB
Inactive(file):   608256 kB
Unevictable:          32 kB
Mlocked:              32 kB
SwapTotal:       3926012 kB
SwapFree:        3926012 kB
Dirty:               396 kB
Writeback:             0 kB
AnonPages:       1671404 kB
Mapped:           168840 kB
Shmem:             12816 kB
Slab:             131176 kB
SReclaimable:     104488 kB
SUnreclaim:        26688 kB
KernelStack:        3768 kB
PageTables:        32328 kB
NFS_Unstable:          0 kB
Bounce:                0 kB
WritebackTmp:          0 kB
CommitLimit:     5818828 kB
Committed_AS:    4562000 kB
VmallocTotal:   34359738367 kB
VmallocUsed:       38184 kB
VmallocChunk:   34359649004 kB
HardwareCorrupted:     0 kB
AnonHugePages:    751616 kB
HugePages_Total:       0
HugePages_Free:        0
HugePages_Rsvd:        0
HugePages_Surp:        0
Hugepagesize:       2048 kB
DirectMap4k:       64800 kB
DirectMap2M:     1765376 kB
DirectMap1G:     2097152 kB


CPU:total 2 (2 cores per cpu, 1 threads per core) family 16 model 6 stepping 3, cmov, cx8, fxsr, mmx, sse, sse2, sse3, popcnt, mmxext, 3dnowpref, lzcnt, tsc, tscinvbit, tscinv

/proc/cpuinfo:
processor	: 0
vendor_id	: AuthenticAMD
cpu family	: 16
model		: 6
model name	: AMD Athlon(tm) II P340 Dual-Core Processor
stepping	: 3
microcode	: 0x10000b6
cpu MHz		: 2200.000
cache size	: 512 KB
physical id	: 0
siblings	: 2
core id		: 0
cpu cores	: 2
apicid		: 0
initial apicid	: 0
fpu		: yes
fpu_exception	: yes
cpuid level	: 5
wp		: yes
flags		: fpu vme de pse tsc msr pae mce cx8 apic sep mtrr pge mca cmov pat pse36 clflush mmx fxsr sse sse2 ht syscall nx mmxext fxsr_opt pdpe1gb rdtscp lm 3dnowext 3dnow constant_tsc rep_good nopl nonstop_tsc extd_apicid pni monitor cx16 popcnt lahf_lm cmp_legacy svm extapic cr8_legacy abm sse4a 3dnowprefetch osvw ibs skinit wdt nodeid_msr hw_pstate npt lbrv svm_lock nrip_save
bogomips	: 4389.40
TLB size	: 1024 4K pages
clflush size	: 64
cache_alignment	: 64
address sizes	: 48 bits physical, 48 bits virtual
power management: ts ttp tm stc 100mhzsteps hwpstate

processor	: 1
vendor_id	: AuthenticAMD
cpu family	: 16
model		: 6
model name	: AMD Athlon(tm) II P340 Dual-Core Processor
stepping	: 3
microcode	: 0x10000b6
cpu MHz		: 800.000
cache size	: 512 KB
physical id	: 0
siblings	: 2
core id		: 1
cpu cores	: 2
apicid		: 1
initial apicid	: 1
fpu		: yes
fpu_exception	: yes
cpuid level	: 5
wp		: yes
flags		: fpu vme de pse tsc msr pae mce cx8 apic sep mtrr pge mca cmov pat pse36 clflush mmx fxsr sse sse2 ht syscall nx mmxext fxsr_opt pdpe1gb rdtscp lm 3dnowext 3dnow constant_tsc rep_good nopl nonstop_tsc extd_apicid pni monitor cx16 popcnt lahf_lm cmp_legacy svm extapic cr8_legacy abm sse4a 3dnowprefetch osvw ibs skinit wdt nodeid_msr hw_pstate npt lbrv svm_lock nrip_save
bogomips	: 4389.40
TLB size	: 1024 4K pages
clflush size	: 64
cache_alignment	: 64
address sizes	: 48 bits physical, 48 bits virtual
power management: ts ttp tm stc 100mhzsteps hwpstate



Memory: 4k page, physical 3785632k(794928k free), swap 3926012k(3926012k free)

vm_info: Java HotSpot(TM) 64-Bit Server VM (24.0-b56) for linux-amd64 JRE (1.7.0_40-b43), built on Aug 26 2013 23:53:33 by "java_re" with gcc 4.3.0 20080428 (Red Hat 4.3.0-8)

time: Tue Oct  7 08:47:34 2014
elapsed time: 291 seconds

